This file contains any messages produced by compilers while
running configure, to aid debugging if configure makes a mistake.

It was created by pcsc-lite configure 1.8.8, which was
generated by GNU Autoconf 2.69.  Invocation command line was

  $ ./configure --prefix=/usr

## --------- ##
## Platform. ##
## --------- ##

hostname = hp
uname -m = i686
uname -r = 3.2.0-35-generic-pae
uname -s = Linux
uname -v = #55-Ubuntu SMP Wed Dec 5 18:04:39 UTC 2012

/usr/bin/uname -p = unknown
/bin/uname -X     = unknown

/bin/arch              = unknown
/usr/bin/arch -k       = unknown
/usr/convex/getsysinfo = unknown
/usr/bin/hostinfo      = unknown
/bin/machine           = unknown
/usr/bin/oslevel       = unknown
/bin/universe          = unknown

PATH: /usr/local/sbin
PATH: /usr/local/bin
PATH: /usr/sbin
PATH: /usr/bin
PATH: /sbin
PATH: /bin


## ----------- ##
## Core tests. ##
## ----------- ##

configure:2381: checking for a BSD-compatible install
configure:2449: result: /usr/bin/install -c
configure:2460: checking whether build environment is sane
configure:2510: result: yes
configure:2651: checking for a thread-safe mkdir -p
configure:2690: result: /bin/mkdir -p
configure:2703: checking for gawk
configure:2733: result: no
configure:2703: checking for mawk
configure:2719: found /usr/bin/mawk
configure:2730: result: mawk
configure:2741: checking whether make sets $(MAKE)
configure:2763: result: yes
configure:2859: checking whether make supports nested variables
configure:2876: result: yes
configure:2892: checking build system type
configure:2906: result: i686-pc-linux-gnu
configure:2926: checking host system type
configure:2939: result: i686-pc-linux-gnu
configure:3007: checking for gcc
configure:3023: found /usr/bin/gcc
configure:3034: result: gcc
configure:3263: checking for C compiler version
configure:3272: gcc --version >&5
gcc (Ubuntu/Linaro 4.6.3-1ubuntu5) 4.6.3
Copyright (C) 2011 Free Software Foundation, Inc.
This is free software; see the source for copying conditions.  There is NO
warranty; not even for MERCHANTABILITY or FITNESS FOR A PARTICULAR PURPOSE.

configure:3283: $? = 0
configure:3272: gcc -v >&5
Using built-in specs.
COLLECT_GCC=gcc
COLLECT_LTO_WRAPPER=/usr/lib/gcc/i686-linux-gnu/4.6/lto-wrapper
Target: i686-linux-gnu
Configured with: ../src/configure -v --with-pkgversion='Ubuntu/Linaro 4.6.3-1ubuntu5' --with-bugurl=file:///usr/share/doc/gcc-4.6/README.Bugs --enable-languages=c,c++,fortran,objc,obj-c++ --prefix=/usr --program-suffix=-4.6 --enable-shared --enable-linker-build-id --with-system-zlib --libexecdir=/usr/lib --without-included-gettext --enable-threads=posix --with-gxx-include-dir=/usr/include/c++/4.6 --libdir=/usr/lib --enable-nls --with-sysroot=/ --enable-clocale=gnu --enable-libstdcxx-debug --enable-libstdcxx-time=yes --enable-gnu-unique-object --enable-plugin --enable-objc-gc --enable-targets=all --disable-werror --with-arch-32=i686 --with-tune=generic --enable-checking=release --build=i686-linux-gnu --host=i686-linux-gnu --target=i686-linux-gnu
Thread model: posix
gcc version 4.6.3 (Ubuntu/Linaro 4.6.3-1ubuntu5) 
configure:3283: $? = 0
configure:3272: gcc -V >&5
gcc: error: unrecognized option '-V'
gcc: fatal error: no input files
compilation terminated.
configure:3283: $? = 4
configure:3272: gcc -qversion >&5
gcc: error: unrecognized option '-qversion'
gcc: fatal error: no input files
compilation terminated.
configure:3283: $? = 4
configure:3303: checking whether the C compiler works
configure:3325: gcc    conftest.c  >&5
configure:3329: $? = 0
configure:3377: result: yes
configure:3380: checking for C compiler default output file name
configure:3382: result: a.out
configure:3388: checking for suffix of executables
configure:3395: gcc -o conftest    conftest.c  >&5
configure:3399: $? = 0
configure:3421: result: 
configure:3443: checking whether we are cross compiling
configure:3451: gcc -o conftest    conftest.c  >&5
configure:3455: $? = 0
configure:3462: ./conftest
configure:3466: $? = 0
configure:3481: result: no
configure:3486: checking for suffix of object files
configure:3508: gcc -c   conftest.c >&5
configure:3512: $? = 0
configure:3533: result: o
configure:3537: checking whether we are using the GNU C compiler
configure:3556: gcc -c   conftest.c >&5
configure:3556: $? = 0
configure:3565: result: yes
configure:3574: checking whether gcc accepts -g
configure:3594: gcc -c -g  conftest.c >&5
configure:3594: $? = 0
configure:3635: result: yes
configure:3652: checking for gcc option to accept ISO C89
configure:3715: gcc  -c -g -O2  conftest.c >&5
configure:3715: $? = 0
configure:3728: result: none needed
configure:3759: checking for style of include used by make
configure:3787: result: GNU
configure:3813: checking dependency style of gcc
configure:3924: result: gcc3
configure:3945: checking how to run the C preprocessor
configure:3976: gcc -E  conftest.c
configure:3976: $? = 0
configure:3990: gcc -E  conftest.c
conftest.c:11:28: fatal error: ac_nonexistent.h: No such file or directory
compilation terminated.
configure:3990: $? = 1
configure: failed program was:
| /* confdefs.h */
| #define PACKAGE_NAME "pcsc-lite"
| #define PACKAGE_TARNAME "pcsc-lite"
| #define PACKAGE_VERSION "1.8.8"
| #define PACKAGE_STRING "pcsc-lite 1.8.8"
| #define PACKAGE_BUGREPORT ""
| #define PACKAGE_URL ""
| #define PACKAGE "pcsc-lite"
| #define VERSION "1.8.8"
| /* end confdefs.h.  */
| #include <ac_nonexistent.h>
configure:4015: result: gcc -E
configure:4035: gcc -E  conftest.c
configure:4035: $? = 0
configure:4049: gcc -E  conftest.c
conftest.c:11:28: fatal error: ac_nonexistent.h: No such file or directory
compilation terminated.
configure:4049: $? = 1
configure: failed program was:
| /* confdefs.h */
| #define PACKAGE_NAME "pcsc-lite"
| #define PACKAGE_TARNAME "pcsc-lite"
| #define PACKAGE_VERSION "1.8.8"
| #define PACKAGE_STRING "pcsc-lite 1.8.8"
| #define PACKAGE_BUGREPORT ""
| #define PACKAGE_URL ""
| #define PACKAGE "pcsc-lite"
| #define VERSION "1.8.8"
| /* end confdefs.h.  */
| #include <ac_nonexistent.h>
configure:4078: checking for grep that handles long lines and -e
configure:4136: result: /bin/grep
configure:4141: checking for egrep
configure:4203: result: /bin/grep -E
configure:4208: checking for ANSI C header files
configure:4228: gcc -c -g -O2  conftest.c >&5
configure:4228: $? = 0
configure:4301: gcc -o conftest -g -O2   conftest.c  >&5
configure:4301: $? = 0
configure:4301: ./conftest
configure:4301: $? = 0
configure:4312: result: yes
configure:4325: checking for sys/types.h
configure:4325: gcc -c -g -O2  conftest.c >&5
configure:4325: $? = 0
configure:4325: result: yes
configure:4325: checking for sys/stat.h
configure:4325: gcc -c -g -O2  conftest.c >&5
configure:4325: $? = 0
configure:4325: result: yes
configure:4325: checking for stdlib.h
configure:4325: gcc -c -g -O2  conftest.c >&5
configure:4325: $? = 0
configure:4325: result: yes
configure:4325: checking for string.h
configure:4325: gcc -c -g -O2  conftest.c >&5
configure:4325: $? = 0
configure:4325: result: yes
configure:4325: checking for memory.h
configure:4325: gcc -c -g -O2  conftest.c >&5
configure:4325: $? = 0
configure:4325: result: yes
configure:4325: checking for strings.h
configure:4325: gcc -c -g -O2  conftest.c >&5
configure:4325: $? = 0
configure:4325: result: yes
configure:4325: checking for inttypes.h
configure:4325: gcc -c -g -O2  conftest.c >&5
configure:4325: $? = 0
configure:4325: result: yes
configure:4325: checking for stdint.h
configure:4325: gcc -c -g -O2  conftest.c >&5
configure:4325: $? = 0
configure:4325: result: yes
configure:4325: checking for unistd.h
configure:4325: gcc -c -g -O2  conftest.c >&5
configure:4325: $? = 0
configure:4325: result: yes
configure:4337: checking whether byte ordering is bigendian
configure:4352: gcc -c -g -O2  conftest.c >&5
conftest.c:22:9: error: unknown type name 'not'
conftest.c:22:15: error: expected '=', ',', ';', 'asm' or '__attribute__' before 'universal'
conftest.c:22:15: error: unknown type name 'universal'
configure:4352: $? = 1
configure: failed program was:
| /* confdefs.h */
| #define PACKAGE_NAME "pcsc-lite"
| #define PACKAGE_TARNAME "pcsc-lite"
| #define PACKAGE_VERSION "1.8.8"
| #define PACKAGE_STRING "pcsc-lite 1.8.8"
| #define PACKAGE_BUGREPORT ""
| #define PACKAGE_URL ""
| #define PACKAGE "pcsc-lite"
| #define VERSION "1.8.8"
| #define STDC_HEADERS 1
| #define HAVE_SYS_TYPES_H 1
| #define HAVE_SYS_STAT_H 1
| #define HAVE_STDLIB_H 1
| #define HAVE_STRING_H 1
| #define HAVE_MEMORY_H 1
| #define HAVE_STRINGS_H 1
| #define HAVE_INTTYPES_H 1
| #define HAVE_STDINT_H 1
| #define HAVE_UNISTD_H 1
| /* end confdefs.h.  */
| #ifndef __APPLE_CC__
| 	       not a universal capable compiler
| 	     #endif
| 	     typedef int dummy;
| 
configure:4397: gcc -c -g -O2  conftest.c >&5
configure:4397: $? = 0
configure:4415: gcc -c -g -O2  conftest.c >&5
conftest.c: In function 'main':
conftest.c:28:4: error: unknown type name 'not'
conftest.c:28:12: error: expected '=', ',', ';', 'asm' or '__attribute__' before 'endian'
configure:4415: $? = 1
configure: failed program was:
| /* confdefs.h */
| #define PACKAGE_NAME "pcsc-lite"
| #define PACKAGE_TARNAME "pcsc-lite"
| #define PACKAGE_VERSION "1.8.8"
| #define PACKAGE_STRING "pcsc-lite 1.8.8"
| #define PACKAGE_BUGREPORT ""
| #define PACKAGE_URL ""
| #define PACKAGE "pcsc-lite"
| #define VERSION "1.8.8"
| #define STDC_HEADERS 1
| #define HAVE_SYS_TYPES_H 1
| #define HAVE_SYS_STAT_H 1
| #define HAVE_STDLIB_H 1
| #define HAVE_STRING_H 1
| #define HAVE_MEMORY_H 1
| #define HAVE_STRINGS_H 1
| #define HAVE_INTTYPES_H 1
| #define HAVE_STDINT_H 1
| #define HAVE_UNISTD_H 1
| /* end confdefs.h.  */
| #include <sys/types.h>
| 		#include <sys/param.h>
| 
| int
| main ()
| {
| #if BYTE_ORDER != BIG_ENDIAN
| 		 not big endian
| 		#endif
| 
|   ;
|   return 0;
| }
configure:4543: result: no
configure:4601: checking whether to enable maintainer-specific portions of Makefiles
configure:4610: result: no
configure:4630: checking how to run the C preprocessor
configure:4700: result: gcc -E
configure:4720: gcc -E  conftest.c
configure:4720: $? = 0
configure:4734: gcc -E  conftest.c
conftest.c:21:28: fatal error: ac_nonexistent.h: No such file or directory
compilation terminated.
configure:4734: $? = 1
configure: failed program was:
| /* confdefs.h */
| #define PACKAGE_NAME "pcsc-lite"
| #define PACKAGE_TARNAME "pcsc-lite"
| #define PACKAGE_VERSION "1.8.8"
| #define PACKAGE_STRING "pcsc-lite 1.8.8"
| #define PACKAGE_BUGREPORT ""
| #define PACKAGE_URL ""
| #define PACKAGE "pcsc-lite"
| #define VERSION "1.8.8"
| #define STDC_HEADERS 1
| #define HAVE_SYS_TYPES_H 1
| #define HAVE_SYS_STAT_H 1
| #define HAVE_STDLIB_H 1
| #define HAVE_STRING_H 1
| #define HAVE_MEMORY_H 1
| #define HAVE_STRINGS_H 1
| #define HAVE_INTTYPES_H 1
| #define HAVE_STDINT_H 1
| #define HAVE_UNISTD_H 1
| /* end confdefs.h.  */
| #include <ac_nonexistent.h>
configure:4763: checking whether ln -s works
configure:4767: result: yes
configure:4774: checking whether make sets $(MAKE)
configure:4796: result: yes
configure:4809: checking for flex
configure:4839: result: no
configure:4809: checking for lex
configure:4839: result: no
configure:5021: checking for pkg-config
configure:5039: found /usr/bin/pkg-config
configure:5051: result: /usr/bin/pkg-config
configure:5076: checking pkg-config is at least version 0.9.0
configure:5079: result: yes
configure:5088: checking whether gcc and cc understand -c and -o together
configure:5119: gcc -c conftest.c -o conftest2.o >&5
configure:5123: $? = 0
configure:5129: gcc -c conftest.c -o conftest2.o >&5
configure:5133: $? = 0
configure:5144: cc -c conftest.c >&5
configure:5148: $? = 0
configure:5156: cc -c conftest.c -o conftest2.o >&5
configure:5160: $? = 0
configure:5166: cc -c conftest.c -o conftest2.o >&5
configure:5170: $? = 0
configure:5188: result: yes
configure:5262: checking for ar
configure:5278: found /usr/bin/ar
configure:5289: result: ar
configure:5315: checking the archiver (ar) interface
configure:5325: gcc -c -g -O2  conftest.c >&5
configure:5325: $? = 0
configure:5327: ar cru libconftest.a conftest.o >&5
configure:5330: $? = 0
configure:5353: result: ar
configure:5543: checking for the pthreads library -lpthreads
configure:5581: gcc -o conftest -g -O2    conftest.c -lpthreads  >&5
/usr/bin/ld: cannot find -lpthreads
collect2: ld returned 1 exit status
configure:5581: $? = 1
configure: failed program was:
| /* confdefs.h */
| #define PACKAGE_NAME "pcsc-lite"
| #define PACKAGE_TARNAME "pcsc-lite"
| #define PACKAGE_VERSION "1.8.8"
| #define PACKAGE_STRING "pcsc-lite 1.8.8"
| #define PACKAGE_BUGREPORT ""
| #define PACKAGE_URL ""
| #define PACKAGE "pcsc-lite"
| #define VERSION "1.8.8"
| #define STDC_HEADERS 1
| #define HAVE_SYS_TYPES_H 1
| #define HAVE_SYS_STAT_H 1
| #define HAVE_STDLIB_H 1
| #define HAVE_STRING_H 1
| #define HAVE_MEMORY_H 1
| #define HAVE_STRINGS_H 1
| #define HAVE_INTTYPES_H 1
| #define HAVE_STDINT_H 1
| #define HAVE_UNISTD_H 1
| /* end confdefs.h.  */
| #include <pthread.h>
|                         static void routine(void *a) { a = 0; }
|                         static void *start_routine(void *a) { return a; }
| int
| main ()
| {
| pthread_t th; pthread_attr_t attr;
|                         pthread_create(&th, 0, start_routine, 0);
|                         pthread_join(th, 0);
|                         pthread_attr_init(&attr);
|                         pthread_cleanup_push(routine, 0);
|                         pthread_cleanup_pop(0) /* ; */
|   ;
|   return 0;
| }
configure:5590: result: no
configure:5488: checking whether pthreads work without any flags
configure:5581: gcc -o conftest -g -O2    conftest.c   >&5
/tmp/ccpZ8vcw.o: In function `main':
/home/flgy/smartSocialNetwork/project/lib/pcsc-lite-1.8.8/conftest.c:28: undefined reference to `pthread_create'
/home/flgy/smartSocialNetwork/project/lib/pcsc-lite-1.8.8/conftest.c:29: undefined reference to `pthread_join'
/home/flgy/smartSocialNetwork/project/lib/pcsc-lite-1.8.8/conftest.c:31: undefined reference to `__pthread_register_cancel'
/home/flgy/smartSocialNetwork/project/lib/pcsc-lite-1.8.8/conftest.c:32: undefined reference to `__pthread_unregister_cancel'
collect2: ld returned 1 exit status
configure:5581: $? = 1
configure: failed program was:
| /* confdefs.h */
| #define PACKAGE_NAME "pcsc-lite"
| #define PACKAGE_TARNAME "pcsc-lite"
| #define PACKAGE_VERSION "1.8.8"
| #define PACKAGE_STRING "pcsc-lite 1.8.8"
| #define PACKAGE_BUGREPORT ""
| #define PACKAGE_URL ""
| #define PACKAGE "pcsc-lite"
| #define VERSION "1.8.8"
| #define STDC_HEADERS 1
| #define HAVE_SYS_TYPES_H 1
| #define HAVE_SYS_STAT_H 1
| #define HAVE_STDLIB_H 1
| #define HAVE_STRING_H 1
| #define HAVE_MEMORY_H 1
| #define HAVE_STRINGS_H 1
| #define HAVE_INTTYPES_H 1
| #define HAVE_STDINT_H 1
| #define HAVE_UNISTD_H 1
| /* end confdefs.h.  */
| #include <pthread.h>
|                         static void routine(void *a) { a = 0; }
|                         static void *start_routine(void *a) { return a; }
| int
| main ()
| {
| pthread_t th; pthread_attr_t attr;
|                         pthread_create(&th, 0, start_routine, 0);
|                         pthread_join(th, 0);
|                         pthread_attr_init(&attr);
|                         pthread_cleanup_push(routine, 0);
|                         pthread_cleanup_pop(0) /* ; */
|   ;
|   return 0;
| }
configure:5590: result: no
configure:5493: checking whether pthreads work with -Kthread
configure:5581: gcc -o conftest -g -O2 -Kthread   conftest.c   >&5
gcc: error: unrecognized option '-Kthread'
configure:5581: $? = 1
configure: failed program was:
| /* confdefs.h */
| #define PACKAGE_NAME "pcsc-lite"
| #define PACKAGE_TARNAME "pcsc-lite"
| #define PACKAGE_VERSION "1.8.8"
| #define PACKAGE_STRING "pcsc-lite 1.8.8"
| #define PACKAGE_BUGREPORT ""
| #define PACKAGE_URL ""
| #define PACKAGE "pcsc-lite"
| #define VERSION "1.8.8"
| #define STDC_HEADERS 1
| #define HAVE_SYS_TYPES_H 1
| #define HAVE_SYS_STAT_H 1
| #define HAVE_STDLIB_H 1
| #define HAVE_STRING_H 1
| #define HAVE_MEMORY_H 1
| #define HAVE_STRINGS_H 1
| #define HAVE_INTTYPES_H 1
| #define HAVE_STDINT_H 1
| #define HAVE_UNISTD_H 1
| /* end confdefs.h.  */
| #include <pthread.h>
|                         static void routine(void *a) { a = 0; }
|                         static void *start_routine(void *a) { return a; }
| int
| main ()
| {
| pthread_t th; pthread_attr_t attr;
|                         pthread_create(&th, 0, start_routine, 0);
|                         pthread_join(th, 0);
|                         pthread_attr_init(&attr);
|                         pthread_cleanup_push(routine, 0);
|                         pthread_cleanup_pop(0) /* ; */
|   ;
|   return 0;
| }
configure:5590: result: no
configure:5493: checking whether pthreads work with -kthread
configure:5581: gcc -o conftest -g -O2 -kthread   conftest.c   >&5
gcc: error: unrecognized option '-kthread'
configure:5581: $? = 1
configure: failed program was:
| /* confdefs.h */
| #define PACKAGE_NAME "pcsc-lite"
| #define PACKAGE_TARNAME "pcsc-lite"
| #define PACKAGE_VERSION "1.8.8"
| #define PACKAGE_STRING "pcsc-lite 1.8.8"
| #define PACKAGE_BUGREPORT ""
| #define PACKAGE_URL ""
| #define PACKAGE "pcsc-lite"
| #define VERSION "1.8.8"
| #define STDC_HEADERS 1
| #define HAVE_SYS_TYPES_H 1
| #define HAVE_SYS_STAT_H 1
| #define HAVE_STDLIB_H 1
| #define HAVE_STRING_H 1
| #define HAVE_MEMORY_H 1
| #define HAVE_STRINGS_H 1
| #define HAVE_INTTYPES_H 1
| #define HAVE_STDINT_H 1
| #define HAVE_UNISTD_H 1
| /* end confdefs.h.  */
| #include <pthread.h>
|                         static void routine(void *a) { a = 0; }
|                         static void *start_routine(void *a) { return a; }
| int
| main ()
| {
| pthread_t th; pthread_attr_t attr;
|                         pthread_create(&th, 0, start_routine, 0);
|                         pthread_join(th, 0);
|                         pthread_attr_init(&attr);
|                         pthread_cleanup_push(routine, 0);
|                         pthread_cleanup_pop(0) /* ; */
|   ;
|   return 0;
| }
configure:5590: result: no
configure:5543: checking for the pthreads library -llthread
configure:5581: gcc -o conftest -g -O2    conftest.c -llthread  >&5
/usr/bin/ld: cannot find -llthread
collect2: ld returned 1 exit status
configure:5581: $? = 1
configure: failed program was:
| /* confdefs.h */
| #define PACKAGE_NAME "pcsc-lite"
| #define PACKAGE_TARNAME "pcsc-lite"
| #define PACKAGE_VERSION "1.8.8"
| #define PACKAGE_STRING "pcsc-lite 1.8.8"
| #define PACKAGE_BUGREPORT ""
| #define PACKAGE_URL ""
| #define PACKAGE "pcsc-lite"
| #define VERSION "1.8.8"
| #define STDC_HEADERS 1
| #define HAVE_SYS_TYPES_H 1
| #define HAVE_SYS_STAT_H 1
| #define HAVE_STDLIB_H 1
| #define HAVE_STRING_H 1
| #define HAVE_MEMORY_H 1
| #define HAVE_STRINGS_H 1
| #define HAVE_INTTYPES_H 1
| #define HAVE_STDINT_H 1
| #define HAVE_UNISTD_H 1
| /* end confdefs.h.  */
| #include <pthread.h>
|                         static void routine(void *a) { a = 0; }
|                         static void *start_routine(void *a) { return a; }
| int
| main ()
| {
| pthread_t th; pthread_attr_t attr;
|                         pthread_create(&th, 0, start_routine, 0);
|                         pthread_join(th, 0);
|                         pthread_attr_init(&attr);
|                         pthread_cleanup_push(routine, 0);
|                         pthread_cleanup_pop(0) /* ; */
|   ;
|   return 0;
| }
configure:5590: result: no
configure:5493: checking whether pthreads work with -pthread
configure:5581: gcc -o conftest -g -O2 -pthread   conftest.c   >&5
configure:5581: $? = 0
configure:5590: result: yes
configure:5609: checking for joinable pthread attribute
configure:5624: gcc -o conftest -g -O2 -pthread   conftest.c   >&5
configure:5624: $? = 0
configure:5630: result: PTHREAD_CREATE_JOINABLE
configure:5640: checking if more special flags are required for pthreads
configure:5654: result: no
configure:5660: checking for PTHREAD_PRIO_INHERIT
configure:5678: gcc -o conftest -g -O2 -pthread   conftest.c   >&5
conftest.c: In function 'main':
conftest.c:26:9: error: 'PTHREAD_PRIO_INHERIT' undeclared (first use in this function)
conftest.c:26:9: note: each undeclared identifier is reported only once for each function it appears in
configure:5678: $? = 1
configure: failed program was:
| /* confdefs.h */
| #define PACKAGE_NAME "pcsc-lite"
| #define PACKAGE_TARNAME "pcsc-lite"
| #define PACKAGE_VERSION "1.8.8"
| #define PACKAGE_STRING "pcsc-lite 1.8.8"
| #define PACKAGE_BUGREPORT ""
| #define PACKAGE_URL ""
| #define PACKAGE "pcsc-lite"
| #define VERSION "1.8.8"
| #define STDC_HEADERS 1
| #define HAVE_SYS_TYPES_H 1
| #define HAVE_SYS_STAT_H 1
| #define HAVE_STDLIB_H 1
| #define HAVE_STRING_H 1
| #define HAVE_MEMORY_H 1
| #define HAVE_STRINGS_H 1
| #define HAVE_INTTYPES_H 1
| #define HAVE_STDINT_H 1
| #define HAVE_UNISTD_H 1
| /* end confdefs.h.  */
| 
|                     #include <pthread.h>
| int
| main ()
| {
| int i = PTHREAD_PRIO_INHERIT;
|   ;
|   return 0;
| }
configure:5687: result: no
configure:5786: checking for pthread_cancel
configure:5786: gcc -o conftest -g -O2 -pthread   conftest.c  >&5
configure:5786: $? = 0
configure:5786: result: yes
configure:5845: checking how to print strings
configure:5872: result: printf
configure:5893: checking for a sed that does not truncate output
configure:5957: result: /bin/sed
configure:5975: checking for fgrep
configure:6037: result: /bin/grep -F
configure:6072: checking for ld used by gcc
configure:6139: result: /usr/bin/ld
configure:6146: checking if the linker (/usr/bin/ld) is GNU ld
configure:6161: result: yes
configure:6173: checking for BSD- or MS-compatible name lister (nm)
configure:6222: result: /usr/bin/nm -B
configure:6352: checking the name lister (/usr/bin/nm -B) interface
configure:6359: gcc -c -g -O2  conftest.c >&5
configure:6362: /usr/bin/nm -B "conftest.o"
configure:6365: output
00000000 B some_variable
configure:6372: result: BSD nm
configure:6376: checking the maximum length of command line arguments
configure:6501: result: 1572864
configure:6518: checking whether the shell understands some XSI constructs
configure:6528: result: yes
configure:6532: checking whether the shell understands "+="
configure:6538: result: yes
configure:6573: checking how to convert i686-pc-linux-gnu file names to i686-pc-linux-gnu format
configure:6613: result: func_convert_file_noop
configure:6620: checking how to convert i686-pc-linux-gnu file names to toolchain format
configure:6640: result: func_convert_file_noop
configure:6647: checking for /usr/bin/ld option to reload object files
configure:6654: result: -r
configure:6728: checking for objdump
configure:6744: found /usr/bin/objdump
configure:6755: result: objdump
configure:6787: checking how to recognize dependent libraries
configure:6989: result: pass_all
configure:7074: checking for dlltool
configure:7104: result: no
configure:7134: checking how to associate runtime and link libraries
configure:7161: result: printf %s\n
configure:7285: checking for archiver @FILE support
configure:7302: gcc -c -g -O2  conftest.c >&5
configure:7302: $? = 0
configure:7305: ar cru libconftest.a @conftest.lst >&5
configure:7308: $? = 0
configure:7313: ar cru libconftest.a @conftest.lst >&5
ar: conftest.o: No such file or directory
configure:7316: $? = 1
configure:7328: result: @
configure:7386: checking for strip
configure:7402: found /usr/bin/strip
configure:7413: result: strip
configure:7485: checking for ranlib
configure:7501: found /usr/bin/ranlib
configure:7512: result: ranlib
configure:7614: checking command to parse /usr/bin/nm -B output from gcc object
configure:7733: gcc -c -g -O2  conftest.c >&5
configure:7736: $? = 0
configure:7740: /usr/bin/nm -B conftest.o \| sed -n -e 's/^.*[ ]\([ABCDGIRSTW][ABCDGIRSTW]*\)[ ][ ]*\([_A-Za-z][_A-Za-z0-9]*\)$/\1 \2 \2/p' | sed '/ __gnu_lto/d' \> conftest.nm
configure:7743: $? = 0
configure:7809: gcc -o conftest -g -O2   conftest.c conftstm.o >&5
configure:7812: $? = 0
configure:7850: result: ok
configure:7887: checking for sysroot
configure:7917: result: no
configure:8160: checking for mt
configure:8176: found /bin/mt
configure:8187: result: mt
configure:8210: checking if mt is a manifest tool
configure:8216: mt '-?'
configure:8224: result: no
configure:8853: checking for dlfcn.h
configure:8853: gcc -c -g -O2  conftest.c >&5
configure:8853: $? = 0
configure:8853: result: yes
configure:9039: checking for objdir
configure:9054: result: .libs
configure:9325: checking if gcc supports -fno-rtti -fno-exceptions
configure:9343: gcc -c -g -O2  -fno-rtti -fno-exceptions conftest.c >&5
cc1: warning: command line option '-fno-rtti' is valid for C++/ObjC++ but not for C [enabled by default]
configure:9347: $? = 0
configure:9360: result: no
configure:9670: checking for gcc option to produce PIC
configure:9677: result: -fPIC -DPIC
configure:9685: checking if gcc PIC flag -fPIC -DPIC works
configure:9703: gcc -c -g -O2  -fPIC -DPIC -DPIC conftest.c >&5
configure:9707: $? = 0
configure:9720: result: yes
configure:9749: checking if gcc static flag -static works
configure:9777: result: yes
configure:9792: checking if gcc supports -c -o file.o
configure:9813: gcc -c -g -O2  -o out/conftest2.o conftest.c >&5
configure:9817: $? = 0
configure:9839: result: yes
configure:9847: checking if gcc supports -c -o file.o
configure:9894: result: yes
configure:9927: checking whether the gcc linker (/usr/bin/ld) supports shared libraries
configure:11089: result: yes
configure:11126: checking whether -lc should be explicitly linked in
configure:11134: gcc -c -g -O2  conftest.c >&5
configure:11137: $? = 0
configure:11152: gcc -shared  -fPIC -DPIC conftest.o  -v -Wl,-soname -Wl,conftest -o conftest 2\>\&1 \| /bin/grep  -lc  \>/dev/null 2\>\&1
configure:11155: $? = 0
configure:11169: result: no
configure:11334: checking dynamic linker characteristics
configure:11849: gcc -o conftest -g -O2   -Wl,-rpath -Wl,/foo conftest.c  >&5
configure:11849: $? = 0
configure:12083: result: GNU/Linux ld.so
configure:12190: checking how to hardcode library paths into programs
configure:12215: result: immediate
configure:12755: checking whether stripping libraries is possible
configure:12760: result: yes
configure:12795: checking if libtool supports shared libraries
configure:12797: result: yes
configure:12800: checking whether to build shared libraries
configure:12821: result: yes
configure:12824: checking whether to build static libraries
configure:12828: result: no
configure:12868: checking for ANSI C header files
configure:12972: result: yes
configure:12980: checking for sys/wait.h that is POSIX.1 compatible
configure:13006: gcc -c -g -O2  conftest.c >&5
configure:13006: $? = 0
configure:13013: result: yes
configure:13024: checking getopt.h usability
configure:13024: gcc -c -g -O2  conftest.c >&5
configure:13024: $? = 0
configure:13024: result: yes
configure:13024: checking getopt.h presence
configure:13024: gcc -E  conftest.c
configure:13024: $? = 0
configure:13024: result: yes
configure:13024: checking for getopt.h
configure:13024: result: yes
configure:13024: checking sys/filio.h usability
configure:13024: gcc -c -g -O2  conftest.c >&5
conftest.c:61:23: fatal error: sys/filio.h: No such file or directory
compilation terminated.
configure:13024: $? = 1
configure: failed program was:
| /* confdefs.h */
| #define PACKAGE_NAME "pcsc-lite"
| #define PACKAGE_TARNAME "pcsc-lite"
| #define PACKAGE_VERSION "1.8.8"
| #define PACKAGE_STRING "pcsc-lite 1.8.8"
| #define PACKAGE_BUGREPORT ""
| #define PACKAGE_URL ""
| #define PACKAGE "pcsc-lite"
| #define VERSION "1.8.8"
| #define STDC_HEADERS 1
| #define HAVE_SYS_TYPES_H 1
| #define HAVE_SYS_STAT_H 1
| #define HAVE_STDLIB_H 1
| #define HAVE_STRING_H 1
| #define HAVE_MEMORY_H 1
| #define HAVE_STRINGS_H 1
| #define HAVE_INTTYPES_H 1
| #define HAVE_STDINT_H 1
| #define HAVE_UNISTD_H 1
| #define HAVE_PTHREAD 1
| #define HAVE_PTHREAD_CANCEL 1
| #define HAVE_DLFCN_H 1
| #define LT_OBJDIR ".libs/"
| #define STDC_HEADERS 1
| #define HAVE_SYS_WAIT_H 1
| #define HAVE_GETOPT_H 1
| /* end confdefs.h.  */
| #include <stdio.h>
| #ifdef HAVE_SYS_TYPES_H
| # include <sys/types.h>
| #endif
| #ifdef HAVE_SYS_STAT_H
| # include <sys/stat.h>
| #endif
| #ifdef STDC_HEADERS
| # include <stdlib.h>
| # include <stddef.h>
| #else
| # ifdef HAVE_STDLIB_H
| #  include <stdlib.h>
| # endif
| #endif
| #ifdef HAVE_STRING_H
| # if !defined STDC_HEADERS && defined HAVE_MEMORY_H
| #  include <memory.h>
| # endif
| # include <string.h>
| #endif
| #ifdef HAVE_STRINGS_H
| # include <strings.h>
| #endif
| #ifdef HAVE_INTTYPES_H
| # include <inttypes.h>
| #endif
| #ifdef HAVE_STDINT_H
| # include <stdint.h>
| #endif
| #ifdef HAVE_UNISTD_H
| # include <unistd.h>
| #endif
| #include <sys/filio.h>
configure:13024: result: no
configure:13024: checking sys/filio.h presence
configure:13024: gcc -E  conftest.c
conftest.c:28:23: fatal error: sys/filio.h: No such file or directory
compilation terminated.
configure:13024: $? = 1
configure: failed program was:
| /* confdefs.h */
| #define PACKAGE_NAME "pcsc-lite"
| #define PACKAGE_TARNAME "pcsc-lite"
| #define PACKAGE_VERSION "1.8.8"
| #define PACKAGE_STRING "pcsc-lite 1.8.8"
| #define PACKAGE_BUGREPORT ""
| #define PACKAGE_URL ""
| #define PACKAGE "pcsc-lite"
| #define VERSION "1.8.8"
| #define STDC_HEADERS 1
| #define HAVE_SYS_TYPES_H 1
| #define HAVE_SYS_STAT_H 1
| #define HAVE_STDLIB_H 1
| #define HAVE_STRING_H 1
| #define HAVE_MEMORY_H 1
| #define HAVE_STRINGS_H 1
| #define HAVE_INTTYPES_H 1
| #define HAVE_STDINT_H 1
| #define HAVE_UNISTD_H 1
| #define HAVE_PTHREAD 1
| #define HAVE_PTHREAD_CANCEL 1
| #define HAVE_DLFCN_H 1
| #define LT_OBJDIR ".libs/"
| #define STDC_HEADERS 1
| #define HAVE_SYS_WAIT_H 1
| #define HAVE_GETOPT_H 1
| /* end confdefs.h.  */
| #include <sys/filio.h>
configure:13024: result: no
configure:13024: checking for sys/filio.h
configure:13024: result: no
configure:13024: checking syslog.h usability
configure:13024: gcc -c -g -O2  conftest.c >&5
configure:13024: $? = 0
configure:13024: result: yes
configure:13024: checking syslog.h presence
configure:13024: gcc -E  conftest.c
configure:13024: $? = 0
configure:13024: result: yes
configure:13024: checking for syslog.h
configure:13024: result: yes
configure:13024: checking dl.h usability
configure:13024: gcc -c -g -O2  conftest.c >&5
conftest.c:62:16: fatal error: dl.h: No such file or directory
compilation terminated.
configure:13024: $? = 1
configure: failed program was:
| /* confdefs.h */
| #define PACKAGE_NAME "pcsc-lite"
| #define PACKAGE_TARNAME "pcsc-lite"
| #define PACKAGE_VERSION "1.8.8"
| #define PACKAGE_STRING "pcsc-lite 1.8.8"
| #define PACKAGE_BUGREPORT ""
| #define PACKAGE_URL ""
| #define PACKAGE "pcsc-lite"
| #define VERSION "1.8.8"
| #define STDC_HEADERS 1
| #define HAVE_SYS_TYPES_H 1
| #define HAVE_SYS_STAT_H 1
| #define HAVE_STDLIB_H 1
| #define HAVE_STRING_H 1
| #define HAVE_MEMORY_H 1
| #define HAVE_STRINGS_H 1
| #define HAVE_INTTYPES_H 1
| #define HAVE_STDINT_H 1
| #define HAVE_UNISTD_H 1
| #define HAVE_PTHREAD 1
| #define HAVE_PTHREAD_CANCEL 1
| #define HAVE_DLFCN_H 1
| #define LT_OBJDIR ".libs/"
| #define STDC_HEADERS 1
| #define HAVE_SYS_WAIT_H 1
| #define HAVE_GETOPT_H 1
| #define HAVE_SYSLOG_H 1
| /* end confdefs.h.  */
| #include <stdio.h>
| #ifdef HAVE_SYS_TYPES_H
| # include <sys/types.h>
| #endif
| #ifdef HAVE_SYS_STAT_H
| # include <sys/stat.h>
| #endif
| #ifdef STDC_HEADERS
| # include <stdlib.h>
| # include <stddef.h>
| #else
| # ifdef HAVE_STDLIB_H
| #  include <stdlib.h>
| # endif
| #endif
| #ifdef HAVE_STRING_H
| # if !defined STDC_HEADERS && defined HAVE_MEMORY_H
| #  include <memory.h>
| # endif
| # include <string.h>
| #endif
| #ifdef HAVE_STRINGS_H
| # include <strings.h>
| #endif
| #ifdef HAVE_INTTYPES_H
| # include <inttypes.h>
| #endif
| #ifdef HAVE_STDINT_H
| # include <stdint.h>
| #endif
| #ifdef HAVE_UNISTD_H
| # include <unistd.h>
| #endif
| #include <dl.h>
configure:13024: result: no
configure:13024: checking dl.h presence
configure:13024: gcc -E  conftest.c
conftest.c:29:16: fatal error: dl.h: No such file or directory
compilation terminated.
configure:13024: $? = 1
configure: failed program was:
| /* confdefs.h */
| #define PACKAGE_NAME "pcsc-lite"
| #define PACKAGE_TARNAME "pcsc-lite"
| #define PACKAGE_VERSION "1.8.8"
| #define PACKAGE_STRING "pcsc-lite 1.8.8"
| #define PACKAGE_BUGREPORT ""
| #define PACKAGE_URL ""
| #define PACKAGE "pcsc-lite"
| #define VERSION "1.8.8"
| #define STDC_HEADERS 1
| #define HAVE_SYS_TYPES_H 1
| #define HAVE_SYS_STAT_H 1
| #define HAVE_STDLIB_H 1
| #define HAVE_STRING_H 1
| #define HAVE_MEMORY_H 1
| #define HAVE_STRINGS_H 1
| #define HAVE_INTTYPES_H 1
| #define HAVE_STDINT_H 1
| #define HAVE_UNISTD_H 1
| #define HAVE_PTHREAD 1
| #define HAVE_PTHREAD_CANCEL 1
| #define HAVE_DLFCN_H 1
| #define LT_OBJDIR ".libs/"
| #define STDC_HEADERS 1
| #define HAVE_SYS_WAIT_H 1
| #define HAVE_GETOPT_H 1
| #define HAVE_SYSLOG_H 1
| /* end confdefs.h.  */
| #include <dl.h>
configure:13024: result: no
configure:13024: checking for dl.h
configure:13024: result: no
configure:13024: checking fcntl.h usability
configure:13024: gcc -c -g -O2  conftest.c >&5
configure:13024: $? = 0
configure:13024: result: yes
configure:13024: checking fcntl.h presence
configure:13024: gcc -E  conftest.c
configure:13024: $? = 0
configure:13024: result: yes
configure:13024: checking for fcntl.h
configure:13024: result: yes
configure:13036: checking for an ANSI C-conforming const
configure:13102: gcc -c -g -O2  conftest.c >&5
configure:13102: $? = 0
configure:13109: result: yes
configure:13117: checking for uid_t in sys/types.h
configure:13136: result: yes
configure:13147: checking for size_t
configure:13147: gcc -c -g -O2  conftest.c >&5
configure:13147: $? = 0
configure:13147: gcc -c -g -O2  conftest.c >&5
conftest.c: In function 'main':
conftest.c:66:21: error: expected expression before ')' token
configure:13147: $? = 1
configure: failed program was:
| /* confdefs.h */
| #define PACKAGE_NAME "pcsc-lite"
| #define PACKAGE_TARNAME "pcsc-lite"
| #define PACKAGE_VERSION "1.8.8"
| #define PACKAGE_STRING "pcsc-lite 1.8.8"
| #define PACKAGE_BUGREPORT ""
| #define PACKAGE_URL ""
| #define PACKAGE "pcsc-lite"
| #define VERSION "1.8.8"
| #define STDC_HEADERS 1
| #define HAVE_SYS_TYPES_H 1
| #define HAVE_SYS_STAT_H 1
| #define HAVE_STDLIB_H 1
| #define HAVE_STRING_H 1
| #define HAVE_MEMORY_H 1
| #define HAVE_STRINGS_H 1
| #define HAVE_INTTYPES_H 1
| #define HAVE_STDINT_H 1
| #define HAVE_UNISTD_H 1
| #define HAVE_PTHREAD 1
| #define HAVE_PTHREAD_CANCEL 1
| #define HAVE_DLFCN_H 1
| #define LT_OBJDIR ".libs/"
| #define STDC_HEADERS 1
| #define HAVE_SYS_WAIT_H 1
| #define HAVE_GETOPT_H 1
| #define HAVE_SYSLOG_H 1
| #define HAVE_FCNTL_H 1
| /* end confdefs.h.  */
| #include <stdio.h>
| #ifdef HAVE_SYS_TYPES_H
| # include <sys/types.h>
| #endif
| #ifdef HAVE_SYS_STAT_H
| # include <sys/stat.h>
| #endif
| #ifdef STDC_HEADERS
| # include <stdlib.h>
| # include <stddef.h>
| #else
| # ifdef HAVE_STDLIB_H
| #  include <stdlib.h>
| # endif
| #endif
| #ifdef HAVE_STRING_H
| # if !defined STDC_HEADERS && defined HAVE_MEMORY_H
| #  include <memory.h>
| # endif
| # include <string.h>
| #endif
| #ifdef HAVE_STRINGS_H
| # include <strings.h>
| #endif
| #ifdef HAVE_INTTYPES_H
| # include <inttypes.h>
| #endif
| #ifdef HAVE_STDINT_H
| # include <stdint.h>
| #endif
| #ifdef HAVE_UNISTD_H
| # include <unistd.h>
| #endif
| int
| main ()
| {
| if (sizeof ((size_t)))
| 	    return 0;
|   ;
|   return 0;
| }
configure:13147: result: yes
configure:13158: checking whether time.h and sys/time.h may both be included
configure:13178: gcc -c -g -O2  conftest.c >&5
configure:13178: $? = 0
configure:13185: result: yes
configure:13195: checking for error_at_line
configure:13211: gcc -o conftest -g -O2   conftest.c  >&5
configure:13211: $? = 0
configure:13219: result: yes
configure:13230: checking whether lstat correctly handles trailing slash
configure:13256: gcc -o conftest -g -O2   conftest.c  >&5
configure:13256: $? = 0
configure:13256: ./conftest
configure:13256: $? = 0
configure:13273: result: yes
configure:13292: checking whether stat accepts an empty string
configure:13312: gcc -o conftest -g -O2   conftest.c  >&5
configure:13312: $? = 0
configure:13312: ./conftest
configure:13312: $? = 0
configure:13322: result: no
configure:13340: checking for vprintf
configure:13340: gcc -o conftest -g -O2   conftest.c  >&5
conftest.c:55:6: warning: conflicting types for built-in function 'vprintf' [enabled by default]
configure:13340: $? = 0
configure:13340: result: yes
configure:13346: checking for _doprnt
configure:13346: gcc -o conftest -g -O2   conftest.c  >&5
/tmp/ccgYSRuZ.o: In function `main':
/home/flgy/smartSocialNetwork/project/lib/pcsc-lite-1.8.8/conftest.c:67: undefined reference to `_doprnt'
collect2: ld returned 1 exit status
configure:13346: $? = 1
configure: failed program was:
| /* confdefs.h */
| #define PACKAGE_NAME "pcsc-lite"
| #define PACKAGE_TARNAME "pcsc-lite"
| #define PACKAGE_VERSION "1.8.8"
| #define PACKAGE_STRING "pcsc-lite 1.8.8"
| #define PACKAGE_BUGREPORT ""
| #define PACKAGE_URL ""
| #define PACKAGE "pcsc-lite"
| #define VERSION "1.8.8"
| #define STDC_HEADERS 1
| #define HAVE_SYS_TYPES_H 1
| #define HAVE_SYS_STAT_H 1
| #define HAVE_STDLIB_H 1
| #define HAVE_STRING_H 1
| #define HAVE_MEMORY_H 1
| #define HAVE_STRINGS_H 1
| #define HAVE_INTTYPES_H 1
| #define HAVE_STDINT_H 1
| #define HAVE_UNISTD_H 1
| #define HAVE_PTHREAD 1
| #define HAVE_PTHREAD_CANCEL 1
| #define HAVE_DLFCN_H 1
| #define LT_OBJDIR ".libs/"
| #define STDC_HEADERS 1
| #define HAVE_SYS_WAIT_H 1
| #define HAVE_GETOPT_H 1
| #define HAVE_SYSLOG_H 1
| #define HAVE_FCNTL_H 1
| #define TIME_WITH_SYS_TIME 1
| #define LSTAT_FOLLOWS_SLASHED_SYMLINK 1
| #define HAVE_VPRINTF 1
| /* end confdefs.h.  */
| /* Define _doprnt to an innocuous variant, in case <limits.h> declares _doprnt.
|    For example, HP-UX 11i <limits.h> declares gettimeofday.  */
| #define _doprnt innocuous__doprnt
| 
| /* System header to define __stub macros and hopefully few prototypes,
|     which can conflict with char _doprnt (); below.
|     Prefer <limits.h> to <assert.h> if __STDC__ is defined, since
|     <limits.h> exists even on freestanding compilers.  */
| 
| #ifdef __STDC__
| # include <limits.h>
| #else
| # include <assert.h>
| #endif
| 
| #undef _doprnt
| 
| /* Override any GCC internal prototype to avoid an error.
|    Use char because int might match the return type of a GCC
|    builtin and then its argument prototype would still apply.  */
| #ifdef __cplusplus
| extern "C"
| #endif
| char _doprnt ();
| /* The GNU C library defines this for functions which it implements
|     to always fail with ENOSYS.  Some functions are actually named
|     something starting with __ and the normal name is an alias.  */
| #if defined __stub__doprnt || defined __stub____doprnt
| choke me
| #endif
| 
| int
| main ()
| {
| return _doprnt ();
|   ;
|   return 0;
| }
configure:13346: result: no
configure:13360: checking for daemon
configure:13360: gcc -o conftest -g -O2   conftest.c  >&5
configure:13360: $? = 0
configure:13360: result: yes
configure:13360: checking for flock
configure:13360: gcc -o conftest -g -O2   conftest.c  >&5
configure:13360: $? = 0
configure:13360: result: yes
configure:13360: checking for getopt_long
configure:13360: gcc -o conftest -g -O2   conftest.c  >&5
configure:13360: $? = 0
configure:13360: result: yes
configure:13360: checking for nanosleep
configure:13360: gcc -o conftest -g -O2   conftest.c  >&5
configure:13360: $? = 0
configure:13360: result: yes
configure:13360: checking for strerror
configure:13360: gcc -o conftest -g -O2   conftest.c  >&5
configure:13360: $? = 0
configure:13360: result: yes
configure:13360: checking for vsnprintf
configure:13360: gcc -o conftest -g -O2   conftest.c  >&5
conftest.c:61:6: warning: conflicting types for built-in function 'vsnprintf' [enabled by default]
configure:13360: $? = 0
configure:13360: result: yes
configure:13374: checking for strlcpy
configure:13374: gcc -o conftest -g -O2   conftest.c  >&5
/tmp/ccLCw7Rg.o: In function `main':
/home/flgy/smartSocialNetwork/project/lib/pcsc-lite-1.8.8/conftest.c:73: undefined reference to `strlcpy'
collect2: ld returned 1 exit status
configure:13374: $? = 1
configure: failed program was:
| /* confdefs.h */
| #define PACKAGE_NAME "pcsc-lite"
| #define PACKAGE_TARNAME "pcsc-lite"
| #define PACKAGE_VERSION "1.8.8"
| #define PACKAGE_STRING "pcsc-lite 1.8.8"
| #define PACKAGE_BUGREPORT ""
| #define PACKAGE_URL ""
| #define PACKAGE "pcsc-lite"
| #define VERSION "1.8.8"
| #define STDC_HEADERS 1
| #define HAVE_SYS_TYPES_H 1
| #define HAVE_SYS_STAT_H 1
| #define HAVE_STDLIB_H 1
| #define HAVE_STRING_H 1
| #define HAVE_MEMORY_H 1
| #define HAVE_STRINGS_H 1
| #define HAVE_INTTYPES_H 1
| #define HAVE_STDINT_H 1
| #define HAVE_UNISTD_H 1
| #define HAVE_PTHREAD 1
| #define HAVE_PTHREAD_CANCEL 1
| #define HAVE_DLFCN_H 1
| #define LT_OBJDIR ".libs/"
| #define STDC_HEADERS 1
| #define HAVE_SYS_WAIT_H 1
| #define HAVE_GETOPT_H 1
| #define HAVE_SYSLOG_H 1
| #define HAVE_FCNTL_H 1
| #define TIME_WITH_SYS_TIME 1
| #define LSTAT_FOLLOWS_SLASHED_SYMLINK 1
| #define HAVE_VPRINTF 1
| #define HAVE_DAEMON 1
| #define HAVE_FLOCK 1
| #define HAVE_GETOPT_LONG 1
| #define HAVE_NANOSLEEP 1
| #define HAVE_STRERROR 1
| #define HAVE_VSNPRINTF 1
| /* end confdefs.h.  */
| /* Define strlcpy to an innocuous variant, in case <limits.h> declares strlcpy.
|    For example, HP-UX 11i <limits.h> declares gettimeofday.  */
| #define strlcpy innocuous_strlcpy
| 
| /* System header to define __stub macros and hopefully few prototypes,
|     which can conflict with char strlcpy (); below.
|     Prefer <limits.h> to <assert.h> if __STDC__ is defined, since
|     <limits.h> exists even on freestanding compilers.  */
| 
| #ifdef __STDC__
| # include <limits.h>
| #else
| # include <assert.h>
| #endif
| 
| #undef strlcpy
| 
| /* Override any GCC internal prototype to avoid an error.
|    Use char because int might match the return type of a GCC
|    builtin and then its argument prototype would still apply.  */
| #ifdef __cplusplus
| extern "C"
| #endif
| char strlcpy ();
| /* The GNU C library defines this for functions which it implements
|     to always fail with ENOSYS.  Some functions are actually named
|     something starting with __ and the normal name is an alias.  */
| #if defined __stub_strlcpy || defined __stub___strlcpy
| choke me
| #endif
| 
| int
| main ()
| {
| return strlcpy ();
|   ;
|   return 0;
| }
configure:13374: result: no
configure:13374: checking for strlcat
configure:13374: gcc -o conftest -g -O2   conftest.c  >&5
/tmp/ccZKuvdn.o: In function `main':
/home/flgy/smartSocialNetwork/project/lib/pcsc-lite-1.8.8/conftest.c:73: undefined reference to `strlcat'
collect2: ld returned 1 exit status
configure:13374: $? = 1
configure: failed program was:
| /* confdefs.h */
| #define PACKAGE_NAME "pcsc-lite"
| #define PACKAGE_TARNAME "pcsc-lite"
| #define PACKAGE_VERSION "1.8.8"
| #define PACKAGE_STRING "pcsc-lite 1.8.8"
| #define PACKAGE_BUGREPORT ""
| #define PACKAGE_URL ""
| #define PACKAGE "pcsc-lite"
| #define VERSION "1.8.8"
| #define STDC_HEADERS 1
| #define HAVE_SYS_TYPES_H 1
| #define HAVE_SYS_STAT_H 1
| #define HAVE_STDLIB_H 1
| #define HAVE_STRING_H 1
| #define HAVE_MEMORY_H 1
| #define HAVE_STRINGS_H 1
| #define HAVE_INTTYPES_H 1
| #define HAVE_STDINT_H 1
| #define HAVE_UNISTD_H 1
| #define HAVE_PTHREAD 1
| #define HAVE_PTHREAD_CANCEL 1
| #define HAVE_DLFCN_H 1
| #define LT_OBJDIR ".libs/"
| #define STDC_HEADERS 1
| #define HAVE_SYS_WAIT_H 1
| #define HAVE_GETOPT_H 1
| #define HAVE_SYSLOG_H 1
| #define HAVE_FCNTL_H 1
| #define TIME_WITH_SYS_TIME 1
| #define LSTAT_FOLLOWS_SLASHED_SYMLINK 1
| #define HAVE_VPRINTF 1
| #define HAVE_DAEMON 1
| #define HAVE_FLOCK 1
| #define HAVE_GETOPT_LONG 1
| #define HAVE_NANOSLEEP 1
| #define HAVE_STRERROR 1
| #define HAVE_VSNPRINTF 1
| /* end confdefs.h.  */
| /* Define strlcat to an innocuous variant, in case <limits.h> declares strlcat.
|    For example, HP-UX 11i <limits.h> declares gettimeofday.  */
| #define strlcat innocuous_strlcat
| 
| /* System header to define __stub macros and hopefully few prototypes,
|     which can conflict with char strlcat (); below.
|     Prefer <limits.h> to <assert.h> if __STDC__ is defined, since
|     <limits.h> exists even on freestanding compilers.  */
| 
| #ifdef __STDC__
| # include <limits.h>
| #else
| # include <assert.h>
| #endif
| 
| #undef strlcat
| 
| /* Override any GCC internal prototype to avoid an error.
|    Use char because int might match the return type of a GCC
|    builtin and then its argument prototype would still apply.  */
| #ifdef __cplusplus
| extern "C"
| #endif
| char strlcat ();
| /* The GNU C library defines this for functions which it implements
|     to always fail with ENOSYS.  Some functions are actually named
|     something starting with __ and the normal name is an alias.  */
| #if defined __stub_strlcat || defined __stub___strlcat
| choke me
| #endif
| 
| int
| main ()
| {
| return strlcat ();
|   ;
|   return 0;
| }
configure:13374: result: no
configure:13385: checking for inline
configure:13401: gcc -c -g -O2  conftest.c >&5
configure:13401: $? = 0
configure:13409: result: inline
configure:13434: checking for -fvisibility=hidden
configure:13440: gcc -c -Wall -fno-common -g -O2 -fvisibility=hidden  conftest.c >&5
configure:13440: $? = 0
configure:13441: result: yes
configure:13453: checking for dlopen in -ldl
configure:13478: gcc -o conftest -Wall -fno-common -g -O2   conftest.c -ldl   >&5
configure:13478: $? = 0
configure:13487: result: yes
configure:13514: checking for socket in -lsocket
configure:13539: gcc -o conftest -Wall -fno-common -g -O2   conftest.c -lsocket   >&5
/usr/bin/ld: cannot find -lsocket
collect2: ld returned 1 exit status
configure:13539: $? = 1
configure: failed program was:
| /* confdefs.h */
| #define PACKAGE_NAME "pcsc-lite"
| #define PACKAGE_TARNAME "pcsc-lite"
| #define PACKAGE_VERSION "1.8.8"
| #define PACKAGE_STRING "pcsc-lite 1.8.8"
| #define PACKAGE_BUGREPORT ""
| #define PACKAGE_URL ""
| #define PACKAGE "pcsc-lite"
| #define VERSION "1.8.8"
| #define STDC_HEADERS 1
| #define HAVE_SYS_TYPES_H 1
| #define HAVE_SYS_STAT_H 1
| #define HAVE_STDLIB_H 1
| #define HAVE_STRING_H 1
| #define HAVE_MEMORY_H 1
| #define HAVE_STRINGS_H 1
| #define HAVE_INTTYPES_H 1
| #define HAVE_STDINT_H 1
| #define HAVE_UNISTD_H 1
| #define HAVE_PTHREAD 1
| #define HAVE_PTHREAD_CANCEL 1
| #define HAVE_DLFCN_H 1
| #define LT_OBJDIR ".libs/"
| #define STDC_HEADERS 1
| #define HAVE_SYS_WAIT_H 1
| #define HAVE_GETOPT_H 1
| #define HAVE_SYSLOG_H 1
| #define HAVE_FCNTL_H 1
| #define TIME_WITH_SYS_TIME 1
| #define LSTAT_FOLLOWS_SLASHED_SYMLINK 1
| #define HAVE_VPRINTF 1
| #define HAVE_DAEMON 1
| #define HAVE_FLOCK 1
| #define HAVE_GETOPT_LONG 1
| #define HAVE_NANOSLEEP 1
| #define HAVE_STRERROR 1
| #define HAVE_VSNPRINTF 1
| #define PCSC_ARCH "Linux"
| /* end confdefs.h.  */
| 
| /* Override any GCC internal prototype to avoid an error.
|    Use char because int might match the return type of a GCC
|    builtin and then its argument prototype would still apply.  */
| #ifdef __cplusplus
| extern "C"
| #endif
| char socket ();
| int
| main ()
| {
| return socket ();
|   ;
|   return 0;
| }
configure:13548: result: no
configure:13556: checking for mq_getattr in -lrt
configure:13581: gcc -o conftest -Wall -fno-common -g -O2   conftest.c -lrt   >&5
configure:13581: $? = 0
configure:13590: result: yes
configure:13665: checking for LIBUDEV
configure:13672: $PKG_CONFIG --exists --print-errors "libudev"
configure:13675: $? = 0
configure:13689: $PKG_CONFIG --exists --print-errors "libudev"
configure:13692: $? = 0
configure:13730: result: yes
configure:13743: checking libudev.h usability
configure:13743: gcc -c -Wall -fno-common -g -O2    conftest.c >&5
configure:13743: $? = 0
configure:13743: result: yes
configure:13743: checking libudev.h presence
configure:13743: gcc -E    conftest.c
configure:13743: $? = 0
configure:13743: result: yes
configure:13743: checking for libudev.h
configure:13743: result: yes
configure:13758: checking for udev_monitor_unref
configure:13778: gcc -o conftest -Wall -fno-common -g -O2     conftest.c  -ludev -lrt     >&5
configure:13778: $? = 0
configure:13779: result: yes
configure:14487: creating ./config.status

## ---------------------- ##
## Running config.status. ##
## ---------------------- ##

This file was extended by pcsc-lite config.status 1.8.8, which was
generated by GNU Autoconf 2.69.  Invocation command line was

  CONFIG_FILES    = 
  CONFIG_HEADERS  = 
  CONFIG_LINKS    = 
  CONFIG_COMMANDS = 
  $ ./config.status 

on hp

config.status:1157: creating Makefile
config.status:1157: creating doc/Makefile
config.status:1157: creating doc/doxygen.conf
config.status:1157: creating doc/pcscd.8
config.status:1157: creating doc/reader.conf.5
config.status:1157: creating doc/example/Makefile
config.status:1157: creating etc/Makefile
config.status:1157: creating etc/pcscd.service
config.status:1157: creating etc/pcscd.socket
config.status:1157: creating src/Makefile
config.status:1157: creating src/libpcsclite.pc
config.status:1157: creating src/pcscd.h
config.status:1157: creating src/PCSC/pcsclite.h
config.status:1157: creating src/spy/Makefile
config.status:1157: creating config.h
config.status:1338: config.h is unchanged
config.status:1386: executing depfiles commands
config.status:1386: executing libtool commands

## ---------------- ##
## Cache variables. ##
## ---------------- ##

ac_cv_build=i686-pc-linux-gnu
ac_cv_c_bigendian=no
ac_cv_c_compiler_gnu=yes
ac_cv_c_const=yes
ac_cv_c_inline=inline
ac_cv_env_CC_set=
ac_cv_env_CC_value=
ac_cv_env_CFLAGS_set=
ac_cv_env_CFLAGS_value=
ac_cv_env_CPPFLAGS_set=
ac_cv_env_CPPFLAGS_value=
ac_cv_env_CPP_set=
ac_cv_env_CPP_value=
ac_cv_env_LDFLAGS_set=
ac_cv_env_LDFLAGS_value=
ac_cv_env_LIBS_set=
ac_cv_env_LIBS_value=
ac_cv_env_LIBUDEV_CFLAGS_set=
ac_cv_env_LIBUDEV_CFLAGS_value=
ac_cv_env_LIBUDEV_LIBS_set=
ac_cv_env_LIBUDEV_LIBS_value=
ac_cv_env_LIBUSB_CFLAGS_set=
ac_cv_env_LIBUSB_CFLAGS_value=
ac_cv_env_LIBUSB_LIBS_set=
ac_cv_env_LIBUSB_LIBS_value=
ac_cv_env_PKG_CONFIG_LIBDIR_set=
ac_cv_env_PKG_CONFIG_LIBDIR_value=
ac_cv_env_PKG_CONFIG_PATH_set=
ac_cv_env_PKG_CONFIG_PATH_value=
ac_cv_env_PKG_CONFIG_set=
ac_cv_env_PKG_CONFIG_value=
ac_cv_env_build_alias_set=
ac_cv_env_build_alias_value=
ac_cv_env_host_alias_set=
ac_cv_env_host_alias_value=
ac_cv_env_target_alias_set=
ac_cv_env_target_alias_value=
ac_cv_func__doprnt=no
ac_cv_func_daemon=yes
ac_cv_func_dlopen_ldl=yes
ac_cv_func_flock=yes
ac_cv_func_getopt_long=yes
ac_cv_func_lstat_dereferences_slashed_symlink=yes
ac_cv_func_nanosleep=yes
ac_cv_func_pthread_cancel=yes
ac_cv_func_stat_empty_string_bug=no
ac_cv_func_strerror=yes
ac_cv_func_strlcat=no
ac_cv_func_strlcpy=no
ac_cv_func_vprintf=yes
ac_cv_func_vsnprintf=yes
ac_cv_header_dl_h=no
ac_cv_header_dlfcn_h=yes
ac_cv_header_fcntl_h=yes
ac_cv_header_getopt_h=yes
ac_cv_header_inttypes_h=yes
ac_cv_header_libudev_h=yes
ac_cv_header_memory_h=yes
ac_cv_header_stdc=yes
ac_cv_header_stdint_h=yes
ac_cv_header_stdlib_h=yes
ac_cv_header_string_h=yes
ac_cv_header_strings_h=yes
ac_cv_header_sys_filio_h=no
ac_cv_header_sys_stat_h=yes
ac_cv_header_sys_types_h=yes
ac_cv_header_sys_wait_h=yes
ac_cv_header_syslog_h=yes
ac_cv_header_time=yes
ac_cv_header_unistd_h=yes
ac_cv_host=i686-pc-linux-gnu
ac_cv_lib_dl_dlopen=yes
ac_cv_lib_error_at_line=yes
ac_cv_lib_rt_mq_getattr=yes
ac_cv_lib_socket_socket=no
ac_cv_objext=o
ac_cv_path_EGREP='/bin/grep -E'
ac_cv_path_FGREP='/bin/grep -F'
ac_cv_path_GREP=/bin/grep
ac_cv_path_SED=/bin/sed
ac_cv_path_ac_pt_PKG_CONFIG=/usr/bin/pkg-config
ac_cv_path_install='/usr/bin/install -c'
ac_cv_path_mkdir=/bin/mkdir
ac_cv_prog_AWK=mawk
ac_cv_prog_CPP='gcc -E'
ac_cv_prog_ac_ct_AR=ar
ac_cv_prog_ac_ct_CC=gcc
ac_cv_prog_ac_ct_MANIFEST_TOOL=mt
ac_cv_prog_ac_ct_OBJDUMP=objdump
ac_cv_prog_ac_ct_RANLIB=ranlib
ac_cv_prog_ac_ct_STRIP=strip
ac_cv_prog_cc_c89=
ac_cv_prog_cc_g=yes
ac_cv_prog_cc_gcc_c_o=yes
ac_cv_prog_make_make_set=yes
ac_cv_type_size_t=yes
ac_cv_type_uid_t=yes
am_cv_CC_dependencies_compiler_type=gcc3
am_cv_ar_interface=ar
am_cv_make_support_nested_variables=yes
ax_cv_PTHREAD_PRIO_INHERIT=no
lt_cv_ar_at_file=@
lt_cv_archive_cmds_need_lc=no
lt_cv_deplibs_check_method=pass_all
lt_cv_file_magic_cmd='$MAGIC_CMD'
lt_cv_file_magic_test_file=
lt_cv_ld_reload_flag=-r
lt_cv_nm_interface='BSD nm'
lt_cv_objdir=.libs
lt_cv_path_LD=/usr/bin/ld
lt_cv_path_NM='/usr/bin/nm -B'
lt_cv_path_mainfest_tool=no
lt_cv_prog_compiler_c_o=yes
lt_cv_prog_compiler_pic='-fPIC -DPIC'
lt_cv_prog_compiler_pic_works=yes
lt_cv_prog_compiler_rtti_exceptions=no
lt_cv_prog_compiler_static_works=yes
lt_cv_prog_gnu_ld=yes
lt_cv_sharedlib_from_linklib_cmd='printf %s\n'
lt_cv_shlibpath_overrides_runpath=no
lt_cv_sys_global_symbol_pipe='sed -n -e '\''s/^.*[	 ]\([ABCDGIRSTW][ABCDGIRSTW]*\)[	 ][	 ]*\([_A-Za-z][_A-Za-z0-9]*\)$/\1 \2 \2/p'\'' | sed '\''/ __gnu_lto/d'\'''
lt_cv_sys_global_symbol_to_c_name_address='sed -n -e '\''s/^: \([^ ]*\)[ ]*$/  {\"\1\", (void *) 0},/p'\'' -e '\''s/^[ABCDGIRSTW]* \([^ ]*\) \([^ ]*\)$/  {"\2", (void *) \&\2},/p'\'''
lt_cv_sys_global_symbol_to_c_name_address_lib_prefix='sed -n -e '\''s/^: \([^ ]*\)[ ]*$/  {\"\1\", (void *) 0},/p'\'' -e '\''s/^[ABCDGIRSTW]* \([^ ]*\) \(lib[^ ]*\)$/  {"\2", (void *) \&\2},/p'\'' -e '\''s/^[ABCDGIRSTW]* \([^ ]*\) \([^ ]*\)$/  {"lib\2", (void *) \&\2},/p'\'''
lt_cv_sys_global_symbol_to_cdecl='sed -n -e '\''s/^T .* \(.*\)$/extern int \1();/p'\'' -e '\''s/^[ABCDGIRSTW]* .* \(.*\)$/extern char \1;/p'\'''
lt_cv_sys_max_cmd_len=1572864
lt_cv_to_host_file_cmd=func_convert_file_noop
lt_cv_to_tool_file_cmd=func_convert_file_noop
pkg_cv_LIBUDEV_CFLAGS=' '
pkg_cv_LIBUDEV_LIBS='-ludev -lrt  '

## ----------------- ##
## Output variables. ##
## ----------------- ##

ACLOCAL='${SHELL} /home/flgy/smartSocialNetwork/project/lib/pcsc-lite-1.8.8/missing --run aclocal-1.11'
AMDEPBACKSLASH='\'
AMDEP_FALSE='#'
AMDEP_TRUE=''
AMTAR='$${TAR-tar}'
AM_BACKSLASH='\'
AM_DEFAULT_V='$(AM_DEFAULT_VERBOSITY)'
AM_DEFAULT_VERBOSITY='0'
AM_V='$(V)'
AR='ar'
AUTOCONF='${SHELL} /home/flgy/smartSocialNetwork/project/lib/pcsc-lite-1.8.8/missing --run autoconf'
AUTOHEADER='${SHELL} /home/flgy/smartSocialNetwork/project/lib/pcsc-lite-1.8.8/missing --run autoheader'
AUTOMAKE='${SHELL} /home/flgy/smartSocialNetwork/project/lib/pcsc-lite-1.8.8/missing --run automake-1.11'
AWK='mawk'
CC='gcc'
CCDEPMODE='depmode=gcc3'
CFLAGS='-Wall -fno-common -g -O2'
COREFOUNDATION=''
CPP='gcc -E'
CPPFLAGS='-I${top_srcdir}/src '
CYGPATH_W='echo'
DEFS='-DHAVE_CONFIG_H'
DEPDIR='.deps'
DLLTOOL='false'
DSYMUTIL=''
DUMPBIN=''
ECHO_C=''
ECHO_N='-n'
ECHO_T=''
EGREP='/bin/grep -E'
ENABLE_SERIAL_FALSE='#'
ENABLE_SERIAL_TRUE=''
ENABLE_USB_FALSE='#'
ENABLE_USB_TRUE=''
EXEEXT=''
FGREP='/bin/grep -F'
GREP='/bin/grep'
HAVE_SYSTEMD_FALSE=''
HAVE_SYSTEMD_TRUE='#'
INSTALL_DATA='${INSTALL} -m 644'
INSTALL_PROGRAM='${INSTALL}'
INSTALL_SCRIPT='${INSTALL}'
INSTALL_STRIP_PROGRAM='$(install_sh) -c -s'
IOKIT=''
LD='/usr/bin/ld'
LDFLAGS=''
LEX='${SHELL} /home/flgy/smartSocialNetwork/project/lib/pcsc-lite-1.8.8/missing --run flex'
LEXLIB=''
LEX_OUTPUT_ROOT=''
LIBDL=' -ldl'
LIBOBJS=''
LIBS=' -lrt'
LIBTOOL='$(SHELL) $(top_builddir)/libtool'
LIBUDEV_CFLAGS=' '
LIBUDEV_LIBS='-ludev -lrt  '
LIBUSBCONFIG=''
LIBUSB_CFLAGS=''
LIBUSB_LIBS=''
LIPO=''
LN_S='ln -s'
LTLIBOBJS=''
MAINT='#'
MAINTAINER_MODE_FALSE=''
MAINTAINER_MODE_TRUE='#'
MAKEINFO='${SHELL} /home/flgy/smartSocialNetwork/project/lib/pcsc-lite-1.8.8/missing --run makeinfo'
MANIFEST_TOOL=':'
MKDIR_P='/bin/mkdir -p'
NM='/usr/bin/nm -B'
NMEDIT=''
OBJDUMP='objdump'
OBJEXT='o'
OTOOL64=''
OTOOL=''
PACKAGE='pcsc-lite'
PACKAGE_BUGREPORT=''
PACKAGE_NAME='pcsc-lite'
PACKAGE_STRING='pcsc-lite 1.8.8'
PACKAGE_TARNAME='pcsc-lite'
PACKAGE_URL=''
PACKAGE_VERSION='1.8.8'
PATH_SEPARATOR=':'
PCSCLITE_CONFIG_DIR='/usr/etc/reader.conf.d'
PKG_CONFIG='/usr/bin/pkg-config'
PKG_CONFIG_LIBDIR=''
PKG_CONFIG_PATH=''
PTHREAD_CC='gcc'
PTHREAD_CFLAGS='-pthread'
PTHREAD_LIBS=''
RANLIB='ranlib'
SED='/bin/sed'
SET_MAKE=''
SHELL='/bin/bash'
STRIP='strip'
SYMBOL_VISIBILITY='-fvisibility=hidden'
VERSION='1.8.8'
ac_ct_AR='ar'
ac_ct_CC='gcc'
ac_ct_DUMPBIN=''
am__EXEEXT_FALSE=''
am__EXEEXT_TRUE='#'
am__fastdepCC_FALSE='#'
am__fastdepCC_TRUE=''
am__include='include'
am__isrc=''
am__leading_dot='.'
am__nodep='_no'
am__quote=''
am__tar='$${TAR-tar} chof - "$$tardir"'
am__untar='$${TAR-tar} xf -'
ax_pthread_config=''
bindir='${exec_prefix}/bin'
build='i686-pc-linux-gnu'
build_alias=''
build_cpu='i686'
build_os='linux-gnu'
build_vendor='pc'
confdir_exp='/usr/etc/reader.conf.d'
datadir='${datarootdir}'
datarootdir='${prefix}/share'
docdir='${datarootdir}/doc/${PACKAGE_TARNAME}'
dvidir='${docdir}'
exec_prefix='${prefix}'
host='i686-pc-linux-gnu'
host_alias=''
host_cpu='i686'
host_os='linux-gnu'
host_to_ccid_16=''
host_to_ccid_32=''
host_vendor='pc'
htmldir='${docdir}'
includedir='${prefix}/include'
infodir='${datarootdir}/info'
install_sh='${SHELL} /home/flgy/smartSocialNetwork/project/lib/pcsc-lite-1.8.8/install-sh'
ipcdir='/var/run/pcscd'
libdir='${exec_prefix}/lib'
libexecdir='${exec_prefix}/libexec'
localedir='${datarootdir}/locale'
localstatedir='${prefix}/var'
localstatedir_exp='/usr/var'
mandir='${datarootdir}/man'
mkdir_p='/bin/mkdir -p'
oldincludedir='/usr/include'
pdfdir='${docdir}'
prefix='/usr'
program_transform_name='s,x,x,'
psdir='${docdir}'
sbindir='${exec_prefix}/sbin'
sbindir_exp='/usr/sbin'
sharedstatedir='${prefix}/com'
sysconfdir='${prefix}/etc'
systemdsystemunitdir=''
target_alias=''
usbdropdir='/usr/lib/pcsc/drivers'
usbdropdir_exp='/usr/lib/pcsc/drivers'

## ----------- ##
## confdefs.h. ##
## ----------- ##

/* confdefs.h */
#define PACKAGE_NAME "pcsc-lite"
#define PACKAGE_TARNAME "pcsc-lite"
#define PACKAGE_VERSION "1.8.8"
#define PACKAGE_STRING "pcsc-lite 1.8.8"
#define PACKAGE_BUGREPORT ""
#define PACKAGE_URL ""
#define PACKAGE "pcsc-lite"
#define VERSION "1.8.8"
#define STDC_HEADERS 1
#define HAVE_SYS_TYPES_H 1
#define HAVE_SYS_STAT_H 1
#define HAVE_STDLIB_H 1
#define HAVE_STRING_H 1
#define HAVE_MEMORY_H 1
#define HAVE_STRINGS_H 1
#define HAVE_INTTYPES_H 1
#define HAVE_STDINT_H 1
#define HAVE_UNISTD_H 1
#define HAVE_PTHREAD 1
#define HAVE_PTHREAD_CANCEL 1
#define HAVE_DLFCN_H 1
#define LT_OBJDIR ".libs/"
#define STDC_HEADERS 1
#define HAVE_SYS_WAIT_H 1
#define HAVE_GETOPT_H 1
#define HAVE_SYSLOG_H 1
#define HAVE_FCNTL_H 1
#define TIME_WITH_SYS_TIME 1
#define LSTAT_FOLLOWS_SLASHED_SYMLINK 1
#define HAVE_VPRINTF 1
#define HAVE_DAEMON 1
#define HAVE_FLOCK 1
#define HAVE_GETOPT_LONG 1
#define HAVE_NANOSLEEP 1
#define HAVE_STRERROR 1
#define HAVE_VSNPRINTF 1
#define PCSC_ARCH "Linux"
#define USE_SERIAL 1
#define USE_USB 1
#define HAVE_LIBUDEV_H 1
#define HAVE_LIBUDEV 1
#define PCSCLITE_HP_DROPDIR "/usr/lib/pcsc/drivers"
#define USE_IPCDIR "/var/run/pcscd"
#define PCSCLITE_FEATURES " Linux i686-pc-linux-gnu serial usb libudev usbdropdir=/usr/lib/pcsc/drivers ipcdir=/var/run/pcscd configdir=/usr/etc/reader.conf.d"
#define PCSCD_BINARY "/usr/sbin/pcscd"

configure: exit 0
