\BOOKMARK [1][-]{section.1}{Introduction}{}% 1
\BOOKMARK [1][-]{section.2}{Fonctionnement\040global}{}% 2
\BOOKMARK [2][-]{subsection.2.1}{Première utilisation}{section.2}% 3
\BOOKMARK [2][-]{subsection.2.2}{Chiffrement}{section.2}% 4
\BOOKMARK [2][-]{subsection.2.3}{Déchiffrement}{section.2}% 5
\BOOKMARK [1][-]{section.3}{SmartCard}{}% 6
\BOOKMARK [2][-]{subsection.3.1}{Génération de nombres aléatoires}{section.3}% 7
\BOOKMARK [2][-]{subsection.3.2}{Chiffrement/Déchiffrement}{section.3}% 8
\BOOKMARK [2][-]{subsection.3.3}{Signature/Vérification}{section.3}% 9
\BOOKMARK [2][-]{subsection.3.4}{Code\040PIN/PUK}{section.3}% 10
\BOOKMARK [2][-]{subsection.3.5}{SoftCard}{section.3}% 11
\BOOKMARK [2][-]{subsection.3.6}{Difficultés rencontrées}{section.3}% 12
\BOOKMARK [2][-]{subsection.3.7}{Améliorations possibles}{section.3}% 13
\BOOKMARK [1][-]{section.4}{Secure\040Social\040Network}{}% 14
\BOOKMARK [2][-]{subsection.4.1}{FaceCrypt}{section.4}% 15
\BOOKMARK [3][-]{subsubsection.4.1.1}{Cryptographie}{subsection.4.1}% 16
\BOOKMARK [3][-]{subsubsection.4.1.2}{Communications sécurisées}{subsection.4.1}% 17
\BOOKMARK [3][-]{subsubsection.4.1.3}{Base de données}{subsection.4.1}% 18
\BOOKMARK [2][-]{subsection.4.2}{SSNExt}{section.4}% 19
\BOOKMARK [2][-]{subsection.4.3}{Difficultés rencontrées}{section.4}% 20
\BOOKMARK [2][-]{subsection.4.4}{Améliorations possibles}{section.4}% 21
\BOOKMARK [1][-]{appendix.A}{Fonctionnement détaillé du tunnel entre la carte}{}% 22
\BOOKMARK [2][-]{subsection.A.1}{Objectifs}{appendix.A}% 23
\BOOKMARK [2][-]{subsection.A.2}{Choix\040techniques}{appendix.A}% 24
\BOOKMARK [2][-]{subsection.A.3}{Etablissement\040du\040tunnel}{appendix.A}% 25
\BOOKMARK [2][-]{subsection.A.4}{Communications\040dans\040le\040tunnel}{appendix.A}% 26
