This file contains any messages produced by compilers while
running configure, to aid debugging if configure makes a mistake.

It was created by gppcscconnectionplugin configure 1.1.0, which was
generated by GNU Autoconf 2.65.  Invocation command line was

  $ ./configure --prefix=/usr

## --------- ##
## Platform. ##
## --------- ##

hostname = pc-ssi-1
uname -m = i686
uname -r = 3.2.0-38-generic-pae
uname -s = Linux
uname -v = #61-Ubuntu SMP Tue Feb 19 12:39:51 UTC 2013

/usr/bin/uname -p = unknown
/bin/uname -X     = unknown

/bin/arch              = unknown
/usr/bin/arch -k       = unknown
/usr/convex/getsysinfo = unknown
/usr/bin/hostinfo      = unknown
/bin/machine           = unknown
/usr/bin/oslevel       = unknown
/bin/universe          = unknown

PATH: /usr/local/sbin
PATH: /usr/local/bin
PATH: /usr/sbin
PATH: /usr/bin
PATH: /sbin
PATH: /bin


## ----------- ##
## Core tests. ##
## ----------- ##

configure:2386: checking for a BSD-compatible install
configure:2454: result: /usr/bin/install -c
configure:2465: checking whether build environment is sane
configure:2515: result: yes
configure:2656: checking for a thread-safe mkdir -p
configure:2695: result: /bin/mkdir -p
configure:2708: checking for gawk
configure:2724: found /usr/bin/gawk
configure:2735: result: gawk
configure:2746: checking whether make sets $(MAKE)
configure:2768: result: yes
configure:2902: checking for gcc
configure:2918: found /usr/bin/gcc
configure:2929: result: gcc
configure:3158: checking for C compiler version
configure:3167: gcc --version >&5
gcc (Ubuntu/Linaro 4.6.3-1ubuntu5) 4.6.3
Copyright (C) 2011 Free Software Foundation, Inc.
This is free software; see the source for copying conditions.  There is NO
warranty; not even for MERCHANTABILITY or FITNESS FOR A PARTICULAR PURPOSE.

configure:3178: $? = 0
configure:3167: gcc -v >&5
Using built-in specs.
COLLECT_GCC=gcc
COLLECT_LTO_WRAPPER=/usr/lib/gcc/i686-linux-gnu/4.6/lto-wrapper
Target: i686-linux-gnu
Configured with: ../src/configure -v --with-pkgversion='Ubuntu/Linaro 4.6.3-1ubuntu5' --with-bugurl=file:///usr/share/doc/gcc-4.6/README.Bugs --enable-languages=c,c++,fortran,objc,obj-c++ --prefix=/usr --program-suffix=-4.6 --enable-shared --enable-linker-build-id --with-system-zlib --libexecdir=/usr/lib --without-included-gettext --enable-threads=posix --with-gxx-include-dir=/usr/include/c++/4.6 --libdir=/usr/lib --enable-nls --with-sysroot=/ --enable-clocale=gnu --enable-libstdcxx-debug --enable-libstdcxx-time=yes --enable-gnu-unique-object --enable-plugin --enable-objc-gc --enable-targets=all --disable-werror --with-arch-32=i686 --with-tune=generic --enable-checking=release --build=i686-linux-gnu --host=i686-linux-gnu --target=i686-linux-gnu
Thread model: posix
gcc version 4.6.3 (Ubuntu/Linaro 4.6.3-1ubuntu5) 
configure:3178: $? = 0
configure:3167: gcc -V >&5
gcc: error: unrecognized option '-V'
gcc: fatal error: no input files
compilation terminated.
configure:3178: $? = 4
configure:3167: gcc -qversion >&5
gcc: error: unrecognized option '-qversion'
gcc: fatal error: no input files
compilation terminated.
configure:3178: $? = 4
configure:3198: checking whether the C compiler works
configure:3220: gcc    conftest.c  >&5
configure:3224: $? = 0
configure:3273: result: yes
configure:3276: checking for C compiler default output file name
configure:3278: result: a.out
configure:3284: checking for suffix of executables
configure:3291: gcc -o conftest    conftest.c  >&5
configure:3295: $? = 0
configure:3317: result: 
configure:3339: checking whether we are cross compiling
configure:3347: gcc -o conftest    conftest.c  >&5
configure:3351: $? = 0
configure:3358: ./conftest
configure:3362: $? = 0
configure:3377: result: no
configure:3382: checking for suffix of object files
configure:3404: gcc -c   conftest.c >&5
configure:3408: $? = 0
configure:3429: result: o
configure:3433: checking whether we are using the GNU C compiler
configure:3452: gcc -c   conftest.c >&5
configure:3452: $? = 0
configure:3461: result: yes
configure:3470: checking whether gcc accepts -g
configure:3490: gcc -c -g  conftest.c >&5
configure:3490: $? = 0
configure:3531: result: yes
configure:3548: checking for gcc option to accept ISO C89
configure:3612: gcc  -c -g -O2  conftest.c >&5
configure:3612: $? = 0
configure:3625: result: none needed
configure:3656: checking for style of include used by make
configure:3684: result: GNU
configure:3709: checking dependency style of gcc
configure:3819: result: gcc3
configure:3839: checking how to run the C preprocessor
configure:3870: gcc -E  conftest.c
configure:3870: $? = 0
configure:3884: gcc -E  conftest.c
conftest.c:11:28: fatal error: ac_nonexistent.h: No such file or directory
compilation terminated.
configure:3884: $? = 1
configure: failed program was:
| /* confdefs.h */
| #define PACKAGE_NAME "gppcscconnectionplugin"
| #define PACKAGE_TARNAME "gppcscconnectionplugin"
| #define PACKAGE_VERSION "1.1.0"
| #define PACKAGE_STRING "gppcscconnectionplugin 1.1.0"
| #define PACKAGE_BUGREPORT "k_o_@users.sourceforge.net"
| #define PACKAGE_URL ""
| #define PACKAGE "gppcscconnectionplugin"
| #define VERSION "1.1.0"
| /* end confdefs.h.  */
| #include <ac_nonexistent.h>
configure:3909: result: gcc -E
configure:3929: gcc -E  conftest.c
configure:3929: $? = 0
configure:3943: gcc -E  conftest.c
conftest.c:11:28: fatal error: ac_nonexistent.h: No such file or directory
compilation terminated.
configure:3943: $? = 1
configure: failed program was:
| /* confdefs.h */
| #define PACKAGE_NAME "gppcscconnectionplugin"
| #define PACKAGE_TARNAME "gppcscconnectionplugin"
| #define PACKAGE_VERSION "1.1.0"
| #define PACKAGE_STRING "gppcscconnectionplugin 1.1.0"
| #define PACKAGE_BUGREPORT "k_o_@users.sourceforge.net"
| #define PACKAGE_URL ""
| #define PACKAGE "gppcscconnectionplugin"
| #define VERSION "1.1.0"
| /* end confdefs.h.  */
| #include <ac_nonexistent.h>
configure:3978: checking build system type
configure:3992: result: i686-pc-linux-gnu
configure:4012: checking host system type
configure:4025: result: i686-pc-linux-gnu
configure:4382: checking for a sed that does not truncate output
configure:4446: result: /bin/sed
configure:4464: checking for grep that handles long lines and -e
configure:4522: result: /bin/grep
configure:4527: checking for egrep
configure:4589: result: /bin/grep -E
configure:4594: checking for fgrep
configure:4656: result: /bin/grep -F
configure:4691: checking for ld used by gcc
configure:4758: result: /usr/bin/ld
configure:4765: checking if the linker (/usr/bin/ld) is GNU ld
configure:4780: result: yes
configure:4792: checking for BSD- or MS-compatible name lister (nm)
configure:4841: result: /usr/bin/nm -B
configure:4959: checking the name lister (/usr/bin/nm -B) interface
configure:4966: gcc -c -g -O2  conftest.c >&5
configure:4969: /usr/bin/nm -B "conftest.o"
configure:4972: output
00000000 B some_variable
configure:4979: result: BSD nm
configure:4982: checking whether ln -s works
configure:4986: result: yes
configure:4994: checking the maximum length of command line arguments
configure:5114: result: 1572864
configure:5131: checking whether the shell understands some XSI constructs
configure:5141: result: yes
configure:5145: checking whether the shell understands "+="
configure:5151: result: yes
configure:5186: checking for /usr/bin/ld option to reload object files
configure:5193: result: -r
configure:5262: checking for objdump
configure:5278: found /usr/bin/objdump
configure:5289: result: objdump
configure:5318: checking how to recognize dependent libraries
configure:5514: result: pass_all
configure:5574: checking for ar
configure:5590: found /usr/bin/ar
configure:5601: result: ar
configure:5679: checking for strip
configure:5695: found /usr/bin/strip
configure:5706: result: strip
configure:5778: checking for ranlib
configure:5794: found /usr/bin/ranlib
configure:5805: result: ranlib
configure:5895: checking command to parse /usr/bin/nm -B output from gcc object
configure:6013: gcc -c -g -O2  conftest.c >&5
configure:6016: $? = 0
configure:6020: /usr/bin/nm -B conftest.o \| sed -n -e 's/^.*[	 ]\([ABCDGIRSTW][ABCDGIRSTW]*\)[	 ][	 ]*\([_A-Za-z][_A-Za-z0-9]*\)$/\1 \2 \2/p' \> conftest.nm
configure:6023: $? = 0
configure:6077: gcc -o conftest -g -O2   conftest.c conftstm.o >&5
configure:6080: $? = 0
configure:6118: result: ok
configure:6923: checking for ANSI C header files
configure:6943: gcc -c -g -O2  conftest.c >&5
configure:6943: $? = 0
configure:7016: gcc -o conftest -g -O2   conftest.c  >&5
configure:7016: $? = 0
configure:7016: ./conftest
configure:7016: $? = 0
configure:7027: result: yes
configure:7040: checking for sys/types.h
configure:7040: gcc -c -g -O2  conftest.c >&5
configure:7040: $? = 0
configure:7040: result: yes
configure:7040: checking for sys/stat.h
configure:7040: gcc -c -g -O2  conftest.c >&5
configure:7040: $? = 0
configure:7040: result: yes
configure:7040: checking for stdlib.h
configure:7040: gcc -c -g -O2  conftest.c >&5
configure:7040: $? = 0
configure:7040: result: yes
configure:7040: checking for string.h
configure:7040: gcc -c -g -O2  conftest.c >&5
configure:7040: $? = 0
configure:7040: result: yes
configure:7040: checking for memory.h
configure:7040: gcc -c -g -O2  conftest.c >&5
configure:7040: $? = 0
configure:7040: result: yes
configure:7040: checking for strings.h
configure:7040: gcc -c -g -O2  conftest.c >&5
configure:7040: $? = 0
configure:7040: result: yes
configure:7040: checking for inttypes.h
configure:7040: gcc -c -g -O2  conftest.c >&5
configure:7040: $? = 0
configure:7040: result: yes
configure:7040: checking for stdint.h
configure:7040: gcc -c -g -O2  conftest.c >&5
configure:7040: $? = 0
configure:7040: result: yes
configure:7040: checking for unistd.h
configure:7040: gcc -c -g -O2  conftest.c >&5
configure:7040: $? = 0
configure:7040: result: yes
configure:7055: checking for dlfcn.h
configure:7055: gcc -c -g -O2  conftest.c >&5
configure:7055: $? = 0
configure:7055: result: yes
configure:7237: checking for objdir
configure:7252: result: .libs
configure:7544: checking if gcc supports -fno-rtti -fno-exceptions
configure:7562: gcc -c -g -O2  -fno-rtti -fno-exceptions conftest.c >&5
cc1: warning: command line option '-fno-rtti' is valid for C++/ObjC++ but not for C [enabled by default]
configure:7566: $? = 0
configure:7579: result: no
configure:7599: checking for gcc option to produce PIC
configure:7871: result: -fPIC -DPIC
configure:7883: checking if gcc PIC flag -fPIC -DPIC works
configure:7901: gcc -c -g -O2  -fPIC -DPIC -DPIC conftest.c >&5
configure:7905: $? = 0
configure:7918: result: yes
configure:7942: checking if gcc static flag -static works
configure:7970: result: yes
configure:7985: checking if gcc supports -c -o file.o
configure:8006: gcc -c -g -O2  -o out/conftest2.o conftest.c >&5
configure:8010: $? = 0
configure:8032: result: yes
configure:8040: checking if gcc supports -c -o file.o
configure:8087: result: yes
configure:8120: checking whether the gcc linker (/usr/bin/ld) supports shared libraries
configure:9111: result: yes
configure:9148: checking whether -lc should be explicitly linked in
configure:9153: gcc -c -g -O2  conftest.c >&5
configure:9156: $? = 0
configure:9171: gcc -shared conftest.o  -v -Wl,-soname -Wl,conftest -o conftest 2\>\&1 \| /bin/grep  -lc  \>/dev/null 2\>\&1
configure:9174: $? = 0
configure:9186: result: no
configure:9350: checking dynamic linker characteristics
configure:9783: gcc -o conftest -g -O2   -Wl,-rpath -Wl,/foo conftest.c  >&5
configure:9783: $? = 0
configure:10013: result: GNU/Linux ld.so
configure:10115: checking how to hardcode library paths into programs
configure:10140: result: immediate
configure:10660: checking whether stripping libraries is possible
configure:10665: result: yes
configure:10700: checking if libtool supports shared libraries
configure:10702: result: yes
configure:10705: checking whether to build shared libraries
configure:10726: result: yes
configure:10729: checking whether to build static libraries
configure:10733: result: yes
configure:10769: checking whether gcc and cc understand -c and -o together
configure:10800: gcc -c conftest.c -o conftest2.o >&5
configure:10804: $? = 0
configure:10810: gcc -c conftest.c -o conftest2.o >&5
configure:10814: $? = 0
configure:10825: cc -c conftest.c >&5
configure:10829: $? = 0
configure:10837: cc -c conftest.c -o conftest2.o >&5
configure:10841: $? = 0
configure:10847: cc -c conftest.c -o conftest2.o >&5
configure:10851: $? = 0
configure:10869: result: yes
configure:10896: checking for ANSI C header files
configure:11000: result: yes
configure:11008: checking stdio.h usability
configure:11008: gcc -c -g -O2  conftest.c >&5
configure:11008: $? = 0
configure:11008: result: yes
configure:11008: checking stdio.h presence
configure:11008: gcc -E  conftest.c
configure:11008: $? = 0
configure:11008: result: yes
configure:11008: checking for stdio.h
configure:11008: result: yes
configure:11018: checking for stdlib.h
configure:11018: result: yes
configure:11028: checking for GNU libc compatible malloc
configure:11052: gcc -o conftest -g -O2   conftest.c  >&5
configure:11052: $? = 0
configure:11052: ./conftest
configure:11052: $? = 0
configure:11062: result: yes
configure:11085: checking for vprintf
configure:11085: gcc -o conftest -g -O2   conftest.c  >&5
conftest.c:49:6: warning: conflicting types for built-in function 'vprintf' [enabled by default]
configure:11085: $? = 0
configure:11085: result: yes
configure:11091: checking for _doprnt
configure:11091: gcc -o conftest -g -O2   conftest.c  >&5
/tmp/ccxnGUA7.o: In function `main':
/home/administrateur/Documents/project/lib/gppcscconnectionplugin-1.1.0/conftest.c:61: undefined reference to `_doprnt'
collect2: ld returned 1 exit status
configure:11091: $? = 1
configure: failed program was:
| /* confdefs.h */
| #define PACKAGE_NAME "gppcscconnectionplugin"
| #define PACKAGE_TARNAME "gppcscconnectionplugin"
| #define PACKAGE_VERSION "1.1.0"
| #define PACKAGE_STRING "gppcscconnectionplugin 1.1.0"
| #define PACKAGE_BUGREPORT "k_o_@users.sourceforge.net"
| #define PACKAGE_URL ""
| #define PACKAGE "gppcscconnectionplugin"
| #define VERSION "1.1.0"
| #define STDC_HEADERS 1
| #define HAVE_SYS_TYPES_H 1
| #define HAVE_SYS_STAT_H 1
| #define HAVE_STDLIB_H 1
| #define HAVE_STRING_H 1
| #define HAVE_MEMORY_H 1
| #define HAVE_STRINGS_H 1
| #define HAVE_INTTYPES_H 1
| #define HAVE_STDINT_H 1
| #define HAVE_UNISTD_H 1
| #define HAVE_DLFCN_H 1
| #define LT_OBJDIR ".libs/"
| #define STDC_HEADERS 1
| #define HAVE_STDLIB_H 1
| #define HAVE_MALLOC 1
| #define HAVE_VPRINTF 1
| /* end confdefs.h.  */
| /* Define _doprnt to an innocuous variant, in case <limits.h> declares _doprnt.
|    For example, HP-UX 11i <limits.h> declares gettimeofday.  */
| #define _doprnt innocuous__doprnt
| 
| /* System header to define __stub macros and hopefully few prototypes,
|     which can conflict with char _doprnt (); below.
|     Prefer <limits.h> to <assert.h> if __STDC__ is defined, since
|     <limits.h> exists even on freestanding compilers.  */
| 
| #ifdef __STDC__
| # include <limits.h>
| #else
| # include <assert.h>
| #endif
| 
| #undef _doprnt
| 
| /* Override any GCC internal prototype to avoid an error.
|    Use char because int might match the return type of a GCC
|    builtin and then its argument prototype would still apply.  */
| #ifdef __cplusplus
| extern "C"
| #endif
| char _doprnt ();
| /* The GNU C library defines this for functions which it implements
|     to always fail with ENOSYS.  Some functions are actually named
|     something starting with __ and the normal name is an alias.  */
| #if defined __stub__doprnt || defined __stub____doprnt
| choke me
| #endif
| 
| int
| main ()
| {
| return _doprnt ();
|   ;
|   return 0;
| }
configure:11091: result: no
configure:11105: checking for memcpy
configure:11105: gcc -o conftest -g -O2   conftest.c  >&5
conftest.c:50:6: warning: conflicting types for built-in function 'memcpy' [enabled by default]
configure:11105: $? = 0
configure:11105: result: yes
configure:11105: checking for vsyslog
configure:11105: gcc -o conftest -g -O2   conftest.c  >&5
configure:11105: $? = 0
configure:11105: result: yes
configure:11118: checking CFLAGS for maximum warnings
configure:11145: gcc -c -g -O2 -pedantic  -Wall  conftest.c >&5
configure:11145: $? = 0
configure:11159: result: -Wall
configure:11172: : CFLAGS="$CFLAGS $ac_cv_cflags_warn_all"
configure:11175: $? = 0
configure:11273: checking for pkg-config
configure:11291: found /usr/bin/pkg-config
configure:11303: result: /usr/bin/pkg-config
configure:11328: checking pkg-config is at least version 0.9.0
configure:11331: result: yes
configure:11342: checking for PCSCLITE
configure:11350: $PKG_CONFIG --exists --print-errors "libpcsclite >= 1.2.9-beta7"
configure:11353: $? = 0
configure:11368: $PKG_CONFIG --exists --print-errors "libpcsclite >= 1.2.9-beta7"
configure:11371: $? = 0
configure:11421: result: yes
configure:11442: checking winscard.h usability
configure:11442: gcc -c -g -O2 -Wall -pthread -I/usr/local/include/PCSC    conftest.c >&5
configure:11442: $? = 0
configure:11442: result: yes
configure:11442: checking winscard.h presence
configure:11442: gcc -E  conftest.c
conftest.c:29:22: fatal error: winscard.h: No such file or directory
compilation terminated.
configure:11442: $? = 1
configure: failed program was:
| /* confdefs.h */
| #define PACKAGE_NAME "gppcscconnectionplugin"
| #define PACKAGE_TARNAME "gppcscconnectionplugin"
| #define PACKAGE_VERSION "1.1.0"
| #define PACKAGE_STRING "gppcscconnectionplugin 1.1.0"
| #define PACKAGE_BUGREPORT "k_o_@users.sourceforge.net"
| #define PACKAGE_URL ""
| #define PACKAGE "gppcscconnectionplugin"
| #define VERSION "1.1.0"
| #define STDC_HEADERS 1
| #define HAVE_SYS_TYPES_H 1
| #define HAVE_SYS_STAT_H 1
| #define HAVE_STDLIB_H 1
| #define HAVE_STRING_H 1
| #define HAVE_MEMORY_H 1
| #define HAVE_STRINGS_H 1
| #define HAVE_INTTYPES_H 1
| #define HAVE_STDINT_H 1
| #define HAVE_UNISTD_H 1
| #define HAVE_DLFCN_H 1
| #define LT_OBJDIR ".libs/"
| #define STDC_HEADERS 1
| #define HAVE_STDLIB_H 1
| #define HAVE_MALLOC 1
| #define HAVE_VPRINTF 1
| #define HAVE_MEMCPY 1
| #define HAVE_VSYSLOG 1
| /* end confdefs.h.  */
| #include <winscard.h>
configure:11442: result: no
configure:11442: WARNING: winscard.h: accepted by the compiler, rejected by the preprocessor!
configure:11442: WARNING: winscard.h: proceeding with the compiler's result
configure:11442: checking for winscard.h
configure:11442: result: yes
configure:11464: checking for SCardEstablishContext in -lpcsclite
configure:11489: gcc -o conftest -g -O2 -Wall   -L/usr/local/lib -lpcsclite   conftest.c -lpcsclite   >&5
configure:11489: $? = 0
configure:11498: result: yes
configure:11538: checking for GLOBALPLATFORM
configure:11546: $PKG_CONFIG --exists --print-errors "globalplatform >= 6.0.0"
configure:11549: $? = 0
configure:11564: $PKG_CONFIG --exists --print-errors "globalplatform >= 6.0.0"
configure:11567: $? = 0
configure:11609: result: yes
configure:11630: checking globalplatform.h usability
configure:11630: gcc -c -g -O2 -Wall -pthread -I/usr/local/include/globalplatform -I/usr/local/include/PCSC   -pthread -I/usr/local/include/PCSC    conftest.c >&5
configure:11630: $? = 0
configure:11630: result: yes
configure:11630: checking globalplatform.h presence
configure:11630: gcc -E  conftest.c
conftest.c:30:28: fatal error: globalplatform.h: No such file or directory
compilation terminated.
configure:11630: $? = 1
configure: failed program was:
| /* confdefs.h */
| #define PACKAGE_NAME "gppcscconnectionplugin"
| #define PACKAGE_TARNAME "gppcscconnectionplugin"
| #define PACKAGE_VERSION "1.1.0"
| #define PACKAGE_STRING "gppcscconnectionplugin 1.1.0"
| #define PACKAGE_BUGREPORT "k_o_@users.sourceforge.net"
| #define PACKAGE_URL ""
| #define PACKAGE "gppcscconnectionplugin"
| #define VERSION "1.1.0"
| #define STDC_HEADERS 1
| #define HAVE_SYS_TYPES_H 1
| #define HAVE_SYS_STAT_H 1
| #define HAVE_STDLIB_H 1
| #define HAVE_STRING_H 1
| #define HAVE_MEMORY_H 1
| #define HAVE_STRINGS_H 1
| #define HAVE_INTTYPES_H 1
| #define HAVE_STDINT_H 1
| #define HAVE_UNISTD_H 1
| #define HAVE_DLFCN_H 1
| #define LT_OBJDIR ".libs/"
| #define STDC_HEADERS 1
| #define HAVE_STDLIB_H 1
| #define HAVE_MALLOC 1
| #define HAVE_VPRINTF 1
| #define HAVE_MEMCPY 1
| #define HAVE_VSYSLOG 1
| #define HAVE_LIBPCSCLITE 1
| /* end confdefs.h.  */
| #include <globalplatform.h>
configure:11630: result: no
configure:11630: WARNING: globalplatform.h: accepted by the compiler, rejected by the preprocessor!
configure:11630: WARNING: globalplatform.h: proceeding with the compiler's result
configure:11630: checking for globalplatform.h
configure:11630: result: yes
configure:11650: checking for OPGP_VISA2_derive_keys in -lglobalplatform
configure:11675: gcc -o conftest -g -O2 -Wall   -L/usr/local/lib -lglobalplatform -lpcsclite   conftest.c -lglobalplatform  -lpcsclite  >&5
configure:11675: $? = 0
configure:11684: result: yes
configure:11708: checking openssl/rand.h usability
configure:11708: gcc -c -g -O2 -Wall  conftest.c >&5
configure:11708: $? = 0
configure:11708: result: yes
configure:11708: checking openssl/rand.h presence
configure:11708: gcc -E  conftest.c
configure:11708: $? = 0
configure:11708: result: yes
configure:11708: checking for openssl/rand.h
configure:11708: result: yes
configure:11708: checking openssl/err.h usability
configure:11708: gcc -c -g -O2 -Wall  conftest.c >&5
configure:11708: $? = 0
configure:11708: result: yes
configure:11708: checking openssl/err.h presence
configure:11708: gcc -E  conftest.c
configure:11708: $? = 0
configure:11708: result: yes
configure:11708: checking for openssl/err.h
configure:11708: result: yes
configure:11708: checking openssl/evp.h usability
configure:11708: gcc -c -g -O2 -Wall  conftest.c >&5
configure:11708: $? = 0
configure:11708: result: yes
configure:11708: checking openssl/evp.h presence
configure:11708: gcc -E  conftest.c
configure:11708: $? = 0
configure:11708: result: yes
configure:11708: checking for openssl/evp.h
configure:11708: result: yes
configure:11708: checking openssl/pem.h usability
configure:11708: gcc -c -g -O2 -Wall  conftest.c >&5
configure:11708: $? = 0
configure:11708: result: yes
configure:11708: checking openssl/pem.h presence
configure:11708: gcc -E  conftest.c
configure:11708: $? = 0
configure:11708: result: yes
configure:11708: checking for openssl/pem.h
configure:11708: result: yes
configure:11723: checking for PEM_read_PrivateKey in -lcrypto
configure:11748: gcc -o conftest -g -O2 -Wall   conftest.c -lcrypto  -lglobalplatform -lpcsclite  >&5
configure:11748: $? = 0
configure:11757: result: yes
configure:11776: result: enable debug     : false
configure:11935: creating ./config.status

## ---------------------- ##
## Running config.status. ##
## ---------------------- ##

This file was extended by gppcscconnectionplugin config.status 1.1.0, which was
generated by GNU Autoconf 2.65.  Invocation command line was

  CONFIG_FILES    = 
  CONFIG_HEADERS  = 
  CONFIG_LINKS    = 
  CONFIG_COMMANDS = 
  $ ./config.status 

on pc-ssi-1

config.status:1001: creating Makefile
config.status:1001: creating src/Makefile
config.status:1164: executing depfiles commands
config.status:1164: executing libtool commands

## ---------------- ##
## Cache variables. ##
## ---------------- ##

ac_cv_build=i686-pc-linux-gnu
ac_cv_c_compiler_gnu=yes
ac_cv_cflags_warn_all=-Wall
ac_cv_env_CC_set=
ac_cv_env_CC_value=
ac_cv_env_CFLAGS_set=
ac_cv_env_CFLAGS_value=
ac_cv_env_CPPFLAGS_set=
ac_cv_env_CPPFLAGS_value=
ac_cv_env_CPP_set=
ac_cv_env_CPP_value=
ac_cv_env_GLOBALPLATFORM_CFLAGS_set=
ac_cv_env_GLOBALPLATFORM_CFLAGS_value=
ac_cv_env_GLOBALPLATFORM_H_PATH_set=
ac_cv_env_GLOBALPLATFORM_H_PATH_value=
ac_cv_env_GLOBALPLATFORM_LIBS_set=
ac_cv_env_GLOBALPLATFORM_LIBS_value=
ac_cv_env_GLOBALPLATFORM_LIB_PATH_set=
ac_cv_env_GLOBALPLATFORM_LIB_PATH_value=
ac_cv_env_LDFLAGS_set=
ac_cv_env_LDFLAGS_value=
ac_cv_env_LIBS_set=
ac_cv_env_LIBS_value=
ac_cv_env_PCSCLITE_CFLAGS_set=
ac_cv_env_PCSCLITE_CFLAGS_value=
ac_cv_env_PCSCLITE_H_PATH_set=
ac_cv_env_PCSCLITE_H_PATH_value=
ac_cv_env_PCSCLITE_LIBS_set=
ac_cv_env_PCSCLITE_LIBS_value=
ac_cv_env_PKG_CONFIG_set=
ac_cv_env_PKG_CONFIG_value=
ac_cv_env_WINSCARD_LIB_PATH_set=
ac_cv_env_WINSCARD_LIB_PATH_value=
ac_cv_env_build_alias_set=
ac_cv_env_build_alias_value=
ac_cv_env_host_alias_set=
ac_cv_env_host_alias_value=
ac_cv_env_target_alias_set=
ac_cv_env_target_alias_value=
ac_cv_func__doprnt=no
ac_cv_func_malloc_0_nonnull=yes
ac_cv_func_memcpy=yes
ac_cv_func_vprintf=yes
ac_cv_func_vsyslog=yes
ac_cv_header_dlfcn_h=yes
ac_cv_header_globalplatform_h=yes
ac_cv_header_inttypes_h=yes
ac_cv_header_memory_h=yes
ac_cv_header_openssl_err_h=yes
ac_cv_header_openssl_evp_h=yes
ac_cv_header_openssl_pem_h=yes
ac_cv_header_openssl_rand_h=yes
ac_cv_header_stdc=yes
ac_cv_header_stdint_h=yes
ac_cv_header_stdio_h=yes
ac_cv_header_stdlib_h=yes
ac_cv_header_string_h=yes
ac_cv_header_strings_h=yes
ac_cv_header_sys_stat_h=yes
ac_cv_header_sys_types_h=yes
ac_cv_header_unistd_h=yes
ac_cv_header_winscard_h=yes
ac_cv_host=i686-pc-linux-gnu
ac_cv_lib_crypto_PEM_read_PrivateKey=yes
ac_cv_lib_globalplatform_OPGP_VISA2_derive_keys=yes
ac_cv_lib_pcsclite_SCardEstablishContext=yes
ac_cv_objext=o
ac_cv_path_EGREP='/bin/grep -E'
ac_cv_path_FGREP='/bin/grep -F'
ac_cv_path_GREP=/bin/grep
ac_cv_path_SED=/bin/sed
ac_cv_path_ac_pt_PKG_CONFIG=/usr/bin/pkg-config
ac_cv_path_install='/usr/bin/install -c'
ac_cv_path_mkdir=/bin/mkdir
ac_cv_prog_AWK=gawk
ac_cv_prog_CPP='gcc -E'
ac_cv_prog_ac_ct_AR=ar
ac_cv_prog_ac_ct_CC=gcc
ac_cv_prog_ac_ct_OBJDUMP=objdump
ac_cv_prog_ac_ct_RANLIB=ranlib
ac_cv_prog_ac_ct_STRIP=strip
ac_cv_prog_cc_c89=
ac_cv_prog_cc_g=yes
ac_cv_prog_cc_gcc_c_o=yes
ac_cv_prog_make_make_set=yes
am_cv_CC_dependencies_compiler_type=gcc3
lt_cv_deplibs_check_method=pass_all
lt_cv_file_magic_cmd='$MAGIC_CMD'
lt_cv_file_magic_test_file=
lt_cv_ld_reload_flag=-r
lt_cv_nm_interface='BSD nm'
lt_cv_objdir=.libs
lt_cv_path_LD=/usr/bin/ld
lt_cv_path_NM='/usr/bin/nm -B'
lt_cv_prog_compiler_c_o=yes
lt_cv_prog_compiler_pic_works=yes
lt_cv_prog_compiler_rtti_exceptions=no
lt_cv_prog_compiler_static_works=yes
lt_cv_prog_gnu_ld=yes
lt_cv_sys_global_symbol_pipe='sed -n -e '\''s/^.*[	 ]\([ABCDGIRSTW][ABCDGIRSTW]*\)[	 ][	 ]*\([_A-Za-z][_A-Za-z0-9]*\)$/\1 \2 \2/p'\'''
lt_cv_sys_global_symbol_to_c_name_address='sed -n -e '\''s/^: \([^ ]*\) $/  {\"\1\", (void *) 0},/p'\'' -e '\''s/^[ABCDGIRSTW]* \([^ ]*\) \([^ ]*\)$/  {"\2", (void *) \&\2},/p'\'''
lt_cv_sys_global_symbol_to_c_name_address_lib_prefix='sed -n -e '\''s/^: \([^ ]*\) $/  {\"\1\", (void *) 0},/p'\'' -e '\''s/^[ABCDGIRSTW]* \([^ ]*\) \(lib[^ ]*\)$/  {"\2", (void *) \&\2},/p'\'' -e '\''s/^[ABCDGIRSTW]* \([^ ]*\) \([^ ]*\)$/  {"lib\2", (void *) \&\2},/p'\'''
lt_cv_sys_global_symbol_to_cdecl='sed -n -e '\''s/^T .* \(.*\)$/extern int \1();/p'\'' -e '\''s/^[ABCDGIRSTW]* .* \(.*\)$/extern char \1;/p'\'''
lt_cv_sys_max_cmd_len=1572864
pkg_cv_GLOBALPLATFORM_CFLAGS='-pthread -I/usr/local/include/globalplatform -I/usr/local/include/PCSC  '
pkg_cv_GLOBALPLATFORM_LIBS='-L/usr/local/lib -lglobalplatform -lpcsclite  '
pkg_cv_PCSCLITE_CFLAGS='-pthread -I/usr/local/include/PCSC  '
pkg_cv_PCSCLITE_LIBS='-L/usr/local/lib -lpcsclite  '

## ----------------- ##
## Output variables. ##
## ----------------- ##

ACLOCAL='${SHELL} /home/administrateur/Documents/project/lib/gppcscconnectionplugin-1.1.0/missing --run aclocal-1.11'
AMDEPBACKSLASH='\'
AMDEP_FALSE='#'
AMDEP_TRUE=''
AMTAR='${SHELL} /home/administrateur/Documents/project/lib/gppcscconnectionplugin-1.1.0/missing --run tar'
AR='ar'
AS=''
AUTOCONF='${SHELL} /home/administrateur/Documents/project/lib/gppcscconnectionplugin-1.1.0/missing --run autoconf'
AUTOHEADER='${SHELL} /home/administrateur/Documents/project/lib/gppcscconnectionplugin-1.1.0/missing --run autoheader'
AUTOMAKE='${SHELL} /home/administrateur/Documents/project/lib/gppcscconnectionplugin-1.1.0/missing --run automake-1.11'
AWK='gawk'
CC='gcc'
CCDEPMODE='depmode=gcc3'
CFLAGS='-g -O2 -Wall'
CPP='gcc -E'
CPPFLAGS=''
CYGPATH_W='echo'
DEFS='-DPACKAGE_NAME=\"gppcscconnectionplugin\" -DPACKAGE_TARNAME=\"gppcscconnectionplugin\" -DPACKAGE_VERSION=\"1.1.0\" -DPACKAGE_STRING=\"gppcscconnectionplugin\ 1.1.0\" -DPACKAGE_BUGREPORT=\"k_o_@users.sourceforge.net\" -DPACKAGE_URL=\"\" -DPACKAGE=\"gppcscconnectionplugin\" -DVERSION=\"1.1.0\" -DSTDC_HEADERS=1 -DHAVE_SYS_TYPES_H=1 -DHAVE_SYS_STAT_H=1 -DHAVE_STDLIB_H=1 -DHAVE_STRING_H=1 -DHAVE_MEMORY_H=1 -DHAVE_STRINGS_H=1 -DHAVE_INTTYPES_H=1 -DHAVE_STDINT_H=1 -DHAVE_UNISTD_H=1 -DHAVE_DLFCN_H=1 -DLT_OBJDIR=\".libs/\" -DSTDC_HEADERS=1 -DHAVE_STDLIB_H=1 -DHAVE_MALLOC=1 -DHAVE_VPRINTF=1 -DHAVE_MEMCPY=1 -DHAVE_VSYSLOG=1 -DHAVE_LIBPCSCLITE=1 -DHAVE_LIBGLOBALPLATFORM=1 -DHAVE_OPENSSL_RAND_H=1 -DHAVE_OPENSSL_ERR_H=1 -DHAVE_OPENSSL_EVP_H=1 -DHAVE_OPENSSL_PEM_H=1 -DHAVE_LIBCRYPTO=1'
DEPDIR='.deps'
DLLTOOL=''
DSYMUTIL=''
DUMPBIN=''
ECHO_C=''
ECHO_N='-n'
ECHO_T=''
EGREP='/bin/grep -E'
EXEEXT=''
FGREP='/bin/grep -F'
GLOBALPLATFORM_CFLAGS='-pthread -I/usr/local/include/globalplatform -I/usr/local/include/PCSC  '
GLOBALPLATFORM_H_PATH=''
GLOBALPLATFORM_LIBS='-L/usr/local/lib -lglobalplatform -lpcsclite  '
GLOBALPLATFORM_LIB_PATH=''
GREP='/bin/grep'
INSTALL_DATA='${INSTALL} -m 644'
INSTALL_PROGRAM='${INSTALL}'
INSTALL_SCRIPT='${INSTALL}'
INSTALL_STRIP_PROGRAM='$(install_sh) -c -s'
LD='/usr/bin/ld'
LDFLAGS=''
LIBOBJS=''
LIBS='-lcrypto -lglobalplatform -lpcsclite '
LIBTOOL='$(SHELL) $(top_builddir)/libtool'
LIPO=''
LN_S='ln -s'
LTLIBOBJS=''
MAKEINFO='${SHELL} /home/administrateur/Documents/project/lib/gppcscconnectionplugin-1.1.0/missing --run makeinfo'
MKDIR_P='/bin/mkdir -p'
NM='/usr/bin/nm -B'
NMEDIT=''
OBJDUMP='objdump'
OBJEXT='o'
OTOOL64=''
OTOOL=''
PACKAGE='gppcscconnectionplugin'
PACKAGE_BUGREPORT='k_o_@users.sourceforge.net'
PACKAGE_NAME='gppcscconnectionplugin'
PACKAGE_STRING='gppcscconnectionplugin 1.1.0'
PACKAGE_TARNAME='gppcscconnectionplugin'
PACKAGE_URL=''
PACKAGE_VERSION='1.1.0'
PATH_SEPARATOR=':'
PCSCLITE_CFLAGS='-pthread -I/usr/local/include/PCSC  '
PCSCLITE_H_PATH=''
PCSCLITE_LIBS='-L/usr/local/lib -lpcsclite  '
PKG_CONFIG='/usr/bin/pkg-config'
RANLIB='ranlib'
SED='/bin/sed'
SET_MAKE=''
SHELL='/bin/bash'
STRIP='strip'
VERSION='1.1.0'
WINSCARD_LIB_PATH=''
ac_ct_CC='gcc'
ac_ct_DUMPBIN=''
am__EXEEXT_FALSE=''
am__EXEEXT_TRUE='#'
am__fastdepCC_FALSE='#'
am__fastdepCC_TRUE=''
am__include='include'
am__isrc=''
am__leading_dot='.'
am__quote=''
am__tar='${AMTAR} chof - "$$tardir"'
am__untar='${AMTAR} xf -'
bindir='${exec_prefix}/bin'
build='i686-pc-linux-gnu'
build_alias=''
build_cpu='i686'
build_os='linux-gnu'
build_vendor='pc'
datadir='${datarootdir}'
datarootdir='${prefix}/share'
docdir='${datarootdir}/doc/${PACKAGE_TARNAME}'
dvidir='${docdir}'
exec_prefix='${prefix}'
host='i686-pc-linux-gnu'
host_alias=''
host_cpu='i686'
host_os='linux-gnu'
host_vendor='pc'
htmldir='${docdir}'
includedir='${prefix}/include'
infodir='${datarootdir}/info'
install_sh='${SHELL} /home/administrateur/Documents/project/lib/gppcscconnectionplugin-1.1.0/install-sh'
libdir='${exec_prefix}/lib'
libexecdir='${exec_prefix}/libexec'
localedir='${datarootdir}/locale'
localstatedir='${prefix}/var'
lt_ECHO='echo'
mandir='${datarootdir}/man'
mkdir_p='/bin/mkdir -p'
oldincludedir='/usr/include'
pdfdir='${docdir}'
prefix='/usr'
program_transform_name='s,x,x,'
psdir='${docdir}'
sbindir='${exec_prefix}/sbin'
sharedstatedir='${prefix}/com'
sysconfdir='${prefix}/etc'
target_alias=''

## ----------- ##
## confdefs.h. ##
## ----------- ##

/* confdefs.h */
#define PACKAGE_NAME "gppcscconnectionplugin"
#define PACKAGE_TARNAME "gppcscconnectionplugin"
#define PACKAGE_VERSION "1.1.0"
#define PACKAGE_STRING "gppcscconnectionplugin 1.1.0"
#define PACKAGE_BUGREPORT "k_o_@users.sourceforge.net"
#define PACKAGE_URL ""
#define PACKAGE "gppcscconnectionplugin"
#define VERSION "1.1.0"
#define STDC_HEADERS 1
#define HAVE_SYS_TYPES_H 1
#define HAVE_SYS_STAT_H 1
#define HAVE_STDLIB_H 1
#define HAVE_STRING_H 1
#define HAVE_MEMORY_H 1
#define HAVE_STRINGS_H 1
#define HAVE_INTTYPES_H 1
#define HAVE_STDINT_H 1
#define HAVE_UNISTD_H 1
#define HAVE_DLFCN_H 1
#define LT_OBJDIR ".libs/"
#define STDC_HEADERS 1
#define HAVE_STDLIB_H 1
#define HAVE_MALLOC 1
#define HAVE_VPRINTF 1
#define HAVE_MEMCPY 1
#define HAVE_VSYSLOG 1
#define HAVE_LIBPCSCLITE 1
#define HAVE_LIBGLOBALPLATFORM 1
#define HAVE_OPENSSL_RAND_H 1
#define HAVE_OPENSSL_ERR_H 1
#define HAVE_OPENSSL_EVP_H 1
#define HAVE_OPENSSL_PEM_H 1
#define HAVE_LIBCRYPTO 1

configure: exit 0
