\BOOKMARK [1][-]{section.1}{Objet du Plan de Qualité}{}
\BOOKMARK [2][-]{subsection.1.1}{Cadre}{section.1}
\BOOKMARK [2][-]{subsection.1.2}{Objectif}{section.1}
\BOOKMARK [2][-]{subsection.1.3}{Utilisation}{section.1}
\BOOKMARK [1][-]{section.2}{Données}{}
\BOOKMARK [2][-]{subsection.2.1}{Contexte}{section.2}
\BOOKMARK [2][-]{subsection.2.2}{Rappels}{section.2}
\BOOKMARK [3][-]{subsubsection.2.2.1}{Objectifs projet}{subsection.2.2}
\BOOKMARK [3][-]{subsubsection.2.2.2}{Livrables}{subsection.2.2}
\BOOKMARK [3][-]{subsubsection.2.2.3}{Objectifs produit}{subsection.2.2}
\BOOKMARK [3][-]{subsubsection.2.2.4}{Limites}{subsection.2.2}
\BOOKMARK [2][-]{subsection.2.3}{Moyens}{section.2}
\BOOKMARK [2][-]{subsection.2.4}{Organismes, parties prennantes}{section.2}
\BOOKMARK [1][-]{section.3}{Organisation}{}
\BOOKMARK [2][-]{subsection.3.1}{Structure}{section.3}
\BOOKMARK [2][-]{subsection.3.2}{Acteurs}{section.3}
\BOOKMARK [3][-]{subsubsection.3.2.1}{Organismes participants}{subsection.3.2}
\BOOKMARK [3][-]{subsubsection.3.2.2}{Liste des acteurs de la promotions}{subsection.3.2}
\BOOKMARK [2][-]{subsection.3.3}{Communications}{section.3}
\BOOKMARK [3][-]{subsubsection.3.3.1}{Documentation}{subsection.3.3}
\BOOKMARK [1][-]{section.4}{L'assurance qualité}{}
\BOOKMARK [2][-]{subsection.4.1}{Le rendu du livrable}{section.4}
\BOOKMARK [3][-]{subsubsection.4.1.1}{Mise en place de l'exigence}{subsection.4.1}
\BOOKMARK [3][-]{subsubsection.4.1.2}{Vérification du fonctionnement}{subsection.4.1}
\BOOKMARK [2][-]{subsection.4.2}{Les opérations cryptographiques de SmartCard}{section.4}
\BOOKMARK [3][-]{subsubsection.4.2.1}{Mise en place de l'exigence}{subsection.4.2}
\BOOKMARK [3][-]{subsubsection.4.2.2}{Vérification du fonctionnement}{subsection.4.2}
\BOOKMARK [2][-]{subsection.4.3}{Les opérations cryptographiques de FaceCrypt}{section.4}
\BOOKMARK [3][-]{subsubsection.4.3.1}{Mise en place de l'exigence}{subsection.4.3}
\BOOKMARK [3][-]{subsubsection.4.3.2}{Vérification du fonctionnement}{subsection.4.3}
\BOOKMARK [2][-]{subsection.4.4}{Les accès à la carte à puce}{section.4}
\BOOKMARK [3][-]{subsubsection.4.4.1}{Mise en place de l'exigence}{subsection.4.4}
\BOOKMARK [3][-]{subsubsection.4.4.2}{Vérification du fonctionnement}{subsection.4.4}
